<?xml version="1.0" encoding="UTF-8"?>
<testsuite xmlns:xsi="http://www.w3.org/2001/XMLSchema-instance" xsi:noNamespaceSchemaLocation="https://maven.apache.org/surefire/maven-surefire-plugin/xsd/surefire-test-report-3.0.xsd" version="3.0" name="runner.Runner" time="79.005" tests="5" errors="0" skipped="0" failures="1">
  <properties>
[...]
</properties>
  <testcase name="runScenario[&quot;Add New Customer&quot;, &quot;AddCustomer&quot;](1)" classname="runner.Runner" time="27.197">
    <system-out><![CDATA[Setup-Sanity method executed..
[DEBUG] Removing resolution chrome=104 from cache (expired on Tue Aug 09 14:10:11 IST 2022)
[DEBUG] ex-0000000001 preparing request execution
[DEBUG] ex-0000000001 Cookie spec selected: strict
[DEBUG] ex-0000000001 Auth cache not set in the context
[DEBUG] ex-0000000001 target auth state: UNCHALLENGED
[DEBUG] ex-0000000001 proxy auth state: UNCHALLENGED
[DEBUG] ex-0000000001 acquiring connection with route {s}->https://raw.githubusercontent.com:443
[DEBUG] ex-0000000001 acquiring endpoint (3 MINUTES)
[DEBUG] ex-0000000001 endpoint lease request (3 MINUTES) [route: {s}->https://raw.githubusercontent.com:443][total available: 0; route allocated: 0 of 5; total allocated: 0 of 25]
[DEBUG] ex-0000000001 endpoint leased [route: {s}->https://raw.githubusercontent.com:443][total available: 0; route allocated: 1 of 5; total allocated: 1 of 25]
[DEBUG] ex-0000000001 acquired ep-0000000000
[DEBUG] ex-0000000001 acquired endpoint ep-0000000000
[DEBUG] ex-0000000001 opening connection {s}->https://raw.githubusercontent.com:443
[DEBUG] ep-0000000000 connecting endpoint (30 SECONDS)
[DEBUG] ep-0000000000 connecting endpoint to https://raw.githubusercontent.com:443 (30 SECONDS)
[DEBUG] http-outgoing-0 connecting to raw.githubusercontent.com/185.199.111.133:443
[DEBUG] Connecting socket to raw.githubusercontent.com/185.199.111.133:443 with timeout 30 SECONDS
[DEBUG] Enabled protocols: [TLSv1.3, TLSv1.2]
[DEBUG] Enabled cipher suites: [TLS_AES_256_GCM_SHA384, TLS_AES_128_GCM_SHA256, TLS_CHACHA20_POLY1305_SHA256, TLS_ECDHE_ECDSA_WITH_AES_256_GCM_SHA384, TLS_ECDHE_ECDSA_WITH_AES_128_GCM_SHA256, TLS_ECDHE_ECDSA_WITH_CHACHA20_POLY1305_SHA256, TLS_ECDHE_RSA_WITH_AES_256_GCM_SHA384, TLS_ECDHE_RSA_WITH_CHACHA20_POLY1305_SHA256, TLS_ECDHE_RSA_WITH_AES_128_GCM_SHA256, TLS_DHE_RSA_WITH_AES_256_GCM_SHA384, TLS_DHE_RSA_WITH_CHACHA20_POLY1305_SHA256, TLS_DHE_DSS_WITH_AES_256_GCM_SHA384, TLS_DHE_RSA_WITH_AES_128_GCM_SHA256, TLS_DHE_DSS_WITH_AES_128_GCM_SHA256, TLS_ECDHE_ECDSA_WITH_AES_256_CBC_SHA384, TLS_ECDHE_RSA_WITH_AES_256_CBC_SHA384, TLS_ECDHE_ECDSA_WITH_AES_128_CBC_SHA256, TLS_ECDHE_RSA_WITH_AES_128_CBC_SHA256, TLS_DHE_RSA_WITH_AES_256_CBC_SHA256, TLS_DHE_DSS_WITH_AES_256_CBC_SHA256, TLS_DHE_RSA_WITH_AES_128_CBC_SHA256, TLS_DHE_DSS_WITH_AES_128_CBC_SHA256, TLS_ECDH_ECDSA_WITH_AES_256_GCM_SHA384, TLS_ECDH_RSA_WITH_AES_256_GCM_SHA384, TLS_ECDH_ECDSA_WITH_AES_128_GCM_SHA256, TLS_ECDH_RSA_WITH_AES_128_GCM_SHA256, TLS_ECDH_ECDSA_WITH_AES_256_CBC_SHA384, TLS_ECDH_RSA_WITH_AES_256_CBC_SHA384, TLS_ECDH_ECDSA_WITH_AES_128_CBC_SHA256, TLS_ECDH_RSA_WITH_AES_128_CBC_SHA256, TLS_ECDHE_ECDSA_WITH_AES_256_CBC_SHA, TLS_ECDHE_RSA_WITH_AES_256_CBC_SHA, TLS_ECDHE_ECDSA_WITH_AES_128_CBC_SHA, TLS_ECDHE_RSA_WITH_AES_128_CBC_SHA, TLS_DHE_RSA_WITH_AES_256_CBC_SHA, TLS_DHE_DSS_WITH_AES_256_CBC_SHA, TLS_DHE_RSA_WITH_AES_128_CBC_SHA, TLS_DHE_DSS_WITH_AES_128_CBC_SHA, TLS_ECDH_ECDSA_WITH_AES_256_CBC_SHA, TLS_ECDH_RSA_WITH_AES_256_CBC_SHA, TLS_ECDH_ECDSA_WITH_AES_128_CBC_SHA, TLS_ECDH_RSA_WITH_AES_128_CBC_SHA, TLS_RSA_WITH_AES_256_GCM_SHA384, TLS_RSA_WITH_AES_128_GCM_SHA256, TLS_RSA_WITH_AES_256_CBC_SHA256, TLS_RSA_WITH_AES_128_CBC_SHA256, TLS_RSA_WITH_AES_256_CBC_SHA, TLS_RSA_WITH_AES_128_CBC_SHA, TLS_EMPTY_RENEGOTIATION_INFO_SCSV]
[DEBUG] Starting handshake
[DEBUG] Secure session established
[DEBUG]  negotiated protocol: TLSv1.3
[DEBUG]  negotiated cipher suite: TLS_AES_256_GCM_SHA384
[DEBUG]  peer principal: CN=*.github.io, O="GitHub, Inc.", L=San Francisco, ST=California, C=US
[DEBUG]  peer alternative names: [*.github.io, github.com, *.github.com, www.github.com, github.io, githubusercontent.com, *.githubusercontent.com]
[DEBUG]  issuer principal: CN=DigiCert TLS RSA SHA256 2020 CA1, O=DigiCert Inc, C=US
[DEBUG] http-outgoing-0 connection established 192.168.0.102:51628<->185.199.111.133:443
[DEBUG] ep-0000000000 connected http-outgoing-0
[DEBUG] ep-0000000000 endpoint connected
[DEBUG] ex-0000000001 executing GET /bonigarcia/webdrivermanager/master/src/main/resources/commands.properties HTTP/1.1
[DEBUG] ep-0000000000 start execution ex-0000000001
[DEBUG] ep-0000000000 executing exchange ex-0000000001 over http-outgoing-0
[DEBUG] http-outgoing-0 >> GET /bonigarcia/webdrivermanager/master/src/main/resources/commands.properties HTTP/1.1
[DEBUG] http-outgoing-0 >> user-agent: Apache-HttpClient/5.0
[DEBUG] http-outgoing-0 >> accept-encoding: gzip, deflate, br
[DEBUG] http-outgoing-0 >> cache-control: max-age=0
[DEBUG] http-outgoing-0 >> connection: keep-alive
[DEBUG] http-outgoing-0 >> Host: raw.githubusercontent.com
[DEBUG] http-outgoing-0 >> "GET /bonigarcia/webdrivermanager/master/src/main/resources/commands.properties HTTP/1.1[\r][\n]"
[DEBUG] http-outgoing-0 >> "user-agent: Apache-HttpClient/5.0[\r][\n]"
[DEBUG] http-outgoing-0 >> "accept-encoding: gzip, deflate, br[\r][\n]"
[DEBUG] http-outgoing-0 >> "cache-control: max-age=0[\r][\n]"
[DEBUG] http-outgoing-0 >> "connection: keep-alive[\r][\n]"
[DEBUG] http-outgoing-0 >> "Host: raw.githubusercontent.com[\r][\n]"
[DEBUG] http-outgoing-0 >> "[\r][\n]"
[DEBUG] http-outgoing-0 << "HTTP/1.1 200 OK[\r][\n]"
[DEBUG] http-outgoing-0 << "Connection: keep-alive[\r][\n]"
[DEBUG] http-outgoing-0 << "Content-Length: 723[\r][\n]"
[DEBUG] http-outgoing-0 << "Cache-Control: max-age=300[\r][\n]"
[DEBUG] http-outgoing-0 << "Content-Security-Policy: default-src 'none'; style-src 'unsafe-inline'; sandbox[\r][\n]"
[DEBUG] http-outgoing-0 << "Content-Type: text/plain; charset=utf-8[\r][\n]"
[DEBUG] http-outgoing-0 << "ETag: W/"e82b438271e9e8680c688b0b680efd0bdd22faa6d6f0a32fc1fd8accc486b67e"[\r][\n]"
[DEBUG] http-outgoing-0 << "Strict-Transport-Security: max-age=31536000[\r][\n]"
[DEBUG] http-outgoing-0 << "X-Content-Type-Options: nosniff[\r][\n]"
[DEBUG] http-outgoing-0 << "X-Frame-Options: deny[\r][\n]"
[DEBUG] http-outgoing-0 << "X-XSS-Protection: 1; mode=block[\r][\n]"
[DEBUG] http-outgoing-0 << "X-GitHub-Request-Id: 7598:4D68:150814:1C6FAC:62E2F70D[\r][\n]"
[DEBUG] http-outgoing-0 << "Content-Encoding: gzip[\r][\n]"
[DEBUG] http-outgoing-0 << "Accept-Ranges: bytes[\r][\n]"
[DEBUG] http-outgoing-0 << "Date: Wed, 10 Aug 2022 15:50:16 GMT[\r][\n]"
[DEBUG] http-outgoing-0 << "Via: 1.1 varnish[\r][\n]"
[DEBUG] http-outgoing-0 << "X-Served-By: cache-bom4725-BOM[\r][\n]"
[DEBUG] http-outgoing-0 << "X-Cache: HIT[\r][\n]"
[DEBUG] http-outgoing-0 << "X-Cache-Hits: 1[\r][\n]"
[DEBUG] http-outgoing-0 << "X-Timer: S1660146616.348978,VS0,VE1[\r][\n]"
[DEBUG] http-outgoing-0 << "Vary: Authorization,Accept-Encoding,Origin[\r][\n]"
[DEBUG] http-outgoing-0 << "Access-Control-Allow-Origin: *[\r][\n]"
[DEBUG] http-outgoing-0 << "X-Fastly-Request-ID: 7a6c635b99259590dd8cacf76cc0f76e2d16cabd[\r][\n]"
[DEBUG] http-outgoing-0 << "Expires: Wed, 10 Aug 2022 15:55:16 GMT[\r][\n]"
[DEBUG] http-outgoing-0 << "Source-Age: 196[\r][\n]"
[DEBUG] http-outgoing-0 << "[\r][\n]"
[DEBUG] http-outgoing-0 << HTTP/1.1 200 OK
[DEBUG] http-outgoing-0 << Connection: keep-alive
[DEBUG] http-outgoing-0 << Content-Length: 723
[DEBUG] http-outgoing-0 << Cache-Control: max-age=300
[DEBUG] http-outgoing-0 << Content-Security-Policy: default-src 'none'; style-src 'unsafe-inline'; sandbox
[DEBUG] http-outgoing-0 << Content-Type: text/plain; charset=utf-8
[DEBUG] http-outgoing-0 << ETag: W/"e82b438271e9e8680c688b0b680efd0bdd22faa6d6f0a32fc1fd8accc486b67e"
[DEBUG] http-outgoing-0 << Strict-Transport-Security: max-age=31536000
[DEBUG] http-outgoing-0 << X-Content-Type-Options: nosniff
[DEBUG] http-outgoing-0 << X-Frame-Options: deny
[DEBUG] http-outgoing-0 << X-XSS-Protection: 1; mode=block
[DEBUG] http-outgoing-0 << X-GitHub-Request-Id: 7598:4D68:150814:1C6FAC:62E2F70D
[DEBUG] http-outgoing-0 << Content-Encoding: gzip
[DEBUG] http-outgoing-0 << Accept-Ranges: bytes
[DEBUG] http-outgoing-0 << Date: Wed, 10 Aug 2022 15:50:16 GMT
[DEBUG] http-outgoing-0 << Via: 1.1 varnish
[DEBUG] http-outgoing-0 << X-Served-By: cache-bom4725-BOM
[DEBUG] http-outgoing-0 << X-Cache: HIT
[DEBUG] http-outgoing-0 << X-Cache-Hits: 1
[DEBUG] http-outgoing-0 << X-Timer: S1660146616.348978,VS0,VE1
[DEBUG] http-outgoing-0 << Vary: Authorization,Accept-Encoding,Origin
[DEBUG] http-outgoing-0 << Access-Control-Allow-Origin: *
[DEBUG] http-outgoing-0 << X-Fastly-Request-ID: 7a6c635b99259590dd8cacf76cc0f76e2d16cabd
[DEBUG] http-outgoing-0 << Expires: Wed, 10 Aug 2022 15:55:16 GMT
[DEBUG] http-outgoing-0 << Source-Age: 196
[DEBUG] ex-0000000001 connection can be kept alive for 3 MINUTES
[DEBUG] http-outgoing-0 << "[0x1f][0xffffff8b][0x8][0x0][0x0][0x0][0x0][0x0][0x0][0x3][0xffffffb5]V]o[0xffffffda]0[0x14]}[0xffffffe7]W\[0xffffff81]*[0xffffffb5][0x12][0x1f][[M[0xffffffd3]$[0x1e]hF[0xffffffbb]i [0x18][0xffffffb4][0xffffffdd]&[0xfffffff9][0xffffffc5]$7[0xffffffc1]R[0x12]#;[0xffffff94]v[0xffffffbf]~[0xffffffb6][0xfffffff3]1[0xffffff92][0xffffff9a][0xffffffc1][0x1a]x[0xffffffcb][0xffffffb5][0xffffffaf][0xffffffcf]9[0xffffffbe][0xfffffff7]8v[0xb][0x1c][0x1e]E4[0xfffffff6]$x4[0xffffffa1][0xb]*[0xffffffb1][0xffffffd1][0xffffff82][0xfffffffb]%[0xffffff93][0xffffffe0][0xffffffb3][0x10][0xffffffc1][0xffffffe5]qBY,!Y[0xffffffea] KM8,[0x10][0xfffffff0][0x19][0xffffffdd]u[0xffffff82][0x1e][0xffffffb0][0xffffffd8]L[0xffffffcb]%[0xffffff86][0xffffffa1][0xe][0xffffffb8][0xfffffff0]P[0xffffffe8]$[0xf][0x13]t[0x13]3[0xfffffff9][0xffffff84]B2[0xffffffae][0xffffffe6]|@[0xfffffff5][0x1d][0x8][0xffffffc4][0x18][0x16][0xffffff82]o[0xffffffa4][0xffffff9a]P[0xffffff94][0xffffffe7][0xffffffce]R[0xfffffff0][0x8][0xffffffdb]p[0xffffffcb][0x4][0xfffffffa][0xfffffffc][0xffffffb9][\r][0xffffff93][0x15][\n]"
[DEBUG] http-outgoing-0 << "[0xffffffda][0xffffff86][0xffffffa1][0x17][0xffffffa8]Q3[0xffffffcb][0xffffffd6][0xffffffd1][0xffffff85][0xffffffc6][0xfffffff7][0xffffff98][0xffffffef][0xffffffa3][0xffffffc0]8[0x1][0xffffffae]s[0x12][0x16][0x7] _d[0xffffff82][0xffffff91][0xffffff84][0xfffffff3][0x1f],[0xfffffff6][0x14]j[0x1b]F,^+[0xffffff98]1ua2[0xffffffbf]h([0xffffff8e][0xffffff94][0xffffffa2][0xffffff91]m[0xffffffa3][0xffffffeb][0xffffff9a][0xffffffb0][0xffffffbb]I[0x17]t[0xffffffdf][0xffffffbd][0xffffffef][0xffffffbb][0xffffff91][0xffffffd7]U[0xffffffbb][0xffffff82][0xffffff9e][0x3][0xffffff9b][0xffffff88][0xffffffb9][0xffffffa6]$[0xffffffa6][0xc][0xffffff9b][0xffffffa5][0xffffffe2][0xffffff83][0xffffff98]F[0xffffffd8]o[0xffffff9e]Mg[0xffffff93][0xffffffbb][0xffffffd9]`|[0xfffffffb]u4[0xffffff9c][0x7f]"}B[0xffffffce][0x8][0xffffffb9][0xffffffe3]<[0x8][0xffffff91][0xffffff90][0xffffff94][0xffffff82][0xffffff90][0xffffffc1]j[0x15]2WI[0xffffffe3]1![0x19][0xffffff91]BnB[0xffffff80][0x9]<f[0xffffffb5][0xffffffe8]=[0xffffffd1]p[0xffffffbd][[0xffffffcf][0xffffffe5][0x1b][0xfffffff4][0xffffff9c][0xffffffff][0xfffffffc][0xfffffff8][0xffffffe1][0xffffffe2][0xffffff94][0xffffffa2][0xffffffae][0xe][0x14]5[0xffffff9a]8[0xffffff83][0xffffffd1]`:[0xfffffffd]<[0xffffffb8][0x1f][0xffffff9c]R[0xffffffcf]u[0x7f]6[0xffffffbc][0xffffff83][0xffffffef][0xf][0xffffffc3][0xffffffd9]/[0xfffffff8][0xfffffff2][0xffffffcd]y s[0xffffffee]'[0x1b]*0g[0xffffffcb][0xffffffc8]nF7H][0xffffff83][0xffffff97]{[0xffffffb1]Q[0x5][\r][0xffffffb5]c[0xffffffb4][0xf][0x2][0xffffffb3][0xffffffb4][0xffffff93][0xe]C[0xffffffa7][0xffffffb3]kAD][0xffffff9d][0xffffffde][0xffffffdb][0xffffffda][0xffffff88][0xffffffec][0xffffffa5][0xffffffbc][0xffffff99][0xffffffd9][0xffffffba]t[0xffffffb5][0xffffffea]9[0xffffffea][0x10])[0xffffffb7][0xffffffca][0xffffff9e][0xfffffff2][0xffffffe2]d^N[0xffffffd8]FW[0x16][0xffffffcd][0xffffffdc]_[0x10][0xfffffff9]i|[0x1c][0xffffff93][0xffffff8e][0xfffffff9]o[0x16][0xffffff86]4'!$G[0xffffffdf]W[0xfffffff4]W*j[[0xfffffff3]xR[0xffffffae][0xffffffb6][0xc][0xffffffd0],; #[0xffffffa9][0xffffff92]5[0xffffffb5][0x7][0xffffff9c][0xffffffb5][0xffffffd0][0x7f][0xffffff90][0xffffffc7]jgs[0xfffffffc][0xffffffc2][0xb][0xffffffd9][0x0]t[0xffffff9e]^'Y[0xfffffffb][0xffffff9f][0xffffffb1][0xffffffd8]:[0xffffffbf][0xffffff8d][0xffffffa5][0xffffff9a][0xffffffad][0x7f]m[0x5]&[0xffffffaa][0xffffffa0]^[0xffffff9b][0xffffffcb][0x5]f[0xffffffae][0xffffffe0]RU[0xffffff82][0x10]MS9l[0xffffff91]4t[0xfffffffb][0xffffff8a]][0xffffffd6][0xfffffff4][0xffffff96][0xffffffa6][0xffffff9f]P[0xffffffce][0xffffffd5][0xffffffce][0xffffff93][0xffffffff][0xffffff97][0xffffffcc]p[0xfffffffd][0xfffffff3][0xffffffe8][0x1b][0xffffffcc][0xffffffa2][0xffffffd9]Q[0xffffffbe][0xffffffb2][0xffffffa3][0xffffffc7]m'[0xffffffdf][0xffffffe4][[0xfffffffb]^[0xffffffb0][0xffffff9a][0xffffffbe][0xffffffda][0xffffffda]_[0xffffffce][0xffffff80][0xffffffd2][0xffffffc1]7[0xffffffb7]][0xffffffc1]b[0xffffffee][0xffffffb5][0xffffffff]w[0xffffff83][0xffffffed][0xffffffa7];[0x15]<[0x10]4[0xffffff92][0xffffff84][0x18][\n]"
[DEBUG] http-outgoing-0 << "BB[0xffffffba][0xffffff8e]][0xffffffb5]jo[0xffffffb9]+"[0xffffffea][0xffffffb4][0xffffffff]h"[0xffffffea]\?5[0xffffffa9][0xffffffaf]k[0xffffffec][0xffffffff]P[0xffffffea][\n]"
[DEBUG] http-outgoing-0 << "w[0xffffffe1]K[0x13][0xffffffda][0xffffffec][0xffffff98][0xffffffe6]Y[0xfffffffd]h8m6[0xffffff9c]T[0xffffffc1][0xfffffff2][0xffffffa7][0xffffff91]z_[0xffffff95]o85p[0x1c][0x13][0xffffffe6][0xfffffff0]5[0xffffffee][0xfffffffc][0xffffff92][0xffffff96][0xffffffda][0xfffffff7][0xffffffcf][0xffffffb1][0x5][0x1d][0xffffffea]K[0xffffff9b]9[0xffffff8e][0xffffffad]e[0xfffffff7][0xffffff93][0xffffffa8]`[0xffffffda][0xffffffff][0x1a][0xffffffd2][0xffffff88][0xffffff85][0xfffffffd][0xfffffff2][0xffffff91]N[0xfffffff6]`[0xffffffdf]2[0xffffffcf][0xffffffae]E[0xffffff97][0xffffffc5][0xffffffa2][0xffffff9d][0xffffffef]'[0xffffff9d]mun.[0xffffffd3]f^[0xffffffc7][0xffffff82][0xffffffda][0xffffff82]9[0xfffffff5][0xffffffa9]`[0x5][0xffffffbc]4[0xffffffa1][0x1d]<M[0xffffffb5]A[0xffffffa7]3[[0xffffffc0][0x7f][0x0][0xffffffc1][0xffffffd0]$[0xffffff85][0x1d][\r][0x0][0x0]"
[DEBUG] ep-0000000000 releasing valid endpoint
[DEBUG] ep-0000000000 releasing endpoint
[DEBUG] ep-0000000000 connection http-outgoing-0 can be kept alive for 3 MINUTES
[DEBUG] ep-0000000000 connection released [route: {s}->https://raw.githubusercontent.com:443][total available: 1; route allocated: 1 of 5; total allocated: 1 of 25]
[DEBUG] Detecting chrome version using online commands.properties
[DEBUG] Running command on the shell: [cmd.exe, /C, wmic, datafile, where, name="%PROGRAMFILES:\=\\%\\Google\\Chrome\\Application\\chrome.exe", get, Version, /value]
[DEBUG] Result: Version=104.0.5112.81
[DEBUG] Removing resolution chrome104=104.0.5112.79 from cache (expired on Tue Aug 09 21:27:10 IST 2022)
[DEBUG] ex-0000000002 preparing request execution
[DEBUG] ex-0000000002 Cookie spec selected: strict
[DEBUG] ex-0000000002 Auth cache not set in the context
[DEBUG] ex-0000000002 target auth state: UNCHALLENGED
[DEBUG] ex-0000000002 proxy auth state: UNCHALLENGED
[DEBUG] ex-0000000002 acquiring connection with route {s}->https://chromedriver.storage.googleapis.com:443
[DEBUG] ex-0000000002 acquiring endpoint (3 MINUTES)
[DEBUG] ex-0000000002 endpoint lease request (3 MINUTES) [route: {s}->https://chromedriver.storage.googleapis.com:443][total available: 1; route allocated: 0 of 5; total allocated: 1 of 25]
[DEBUG] ex-0000000002 endpoint leased [route: {s}->https://chromedriver.storage.googleapis.com:443][total available: 1; route allocated: 1 of 5; total allocated: 2 of 25]
[DEBUG] ex-0000000002 acquired ep-0000000001
[DEBUG] ex-0000000002 acquired endpoint ep-0000000001
[DEBUG] ex-0000000002 opening connection {s}->https://chromedriver.storage.googleapis.com:443
[DEBUG] ep-0000000001 connecting endpoint (30 SECONDS)
[DEBUG] ep-0000000001 connecting endpoint to https://chromedriver.storage.googleapis.com:443 (30 SECONDS)
[DEBUG] http-outgoing-1 connecting to chromedriver.storage.googleapis.com/142.250.182.240:443
[DEBUG] Connecting socket to chromedriver.storage.googleapis.com/142.250.182.240:443 with timeout 30 SECONDS
[DEBUG] Enabled protocols: [TLSv1.3, TLSv1.2]
[DEBUG] Enabled cipher suites: [TLS_AES_256_GCM_SHA384, TLS_AES_128_GCM_SHA256, TLS_CHACHA20_POLY1305_SHA256, TLS_ECDHE_ECDSA_WITH_AES_256_GCM_SHA384, TLS_ECDHE_ECDSA_WITH_AES_128_GCM_SHA256, TLS_ECDHE_ECDSA_WITH_CHACHA20_POLY1305_SHA256, TLS_ECDHE_RSA_WITH_AES_256_GCM_SHA384, TLS_ECDHE_RSA_WITH_CHACHA20_POLY1305_SHA256, TLS_ECDHE_RSA_WITH_AES_128_GCM_SHA256, TLS_DHE_RSA_WITH_AES_256_GCM_SHA384, TLS_DHE_RSA_WITH_CHACHA20_POLY1305_SHA256, TLS_DHE_DSS_WITH_AES_256_GCM_SHA384, TLS_DHE_RSA_WITH_AES_128_GCM_SHA256, TLS_DHE_DSS_WITH_AES_128_GCM_SHA256, TLS_ECDHE_ECDSA_WITH_AES_256_CBC_SHA384, TLS_ECDHE_RSA_WITH_AES_256_CBC_SHA384, TLS_ECDHE_ECDSA_WITH_AES_128_CBC_SHA256, TLS_ECDHE_RSA_WITH_AES_128_CBC_SHA256, TLS_DHE_RSA_WITH_AES_256_CBC_SHA256, TLS_DHE_DSS_WITH_AES_256_CBC_SHA256, TLS_DHE_RSA_WITH_AES_128_CBC_SHA256, TLS_DHE_DSS_WITH_AES_128_CBC_SHA256, TLS_ECDH_ECDSA_WITH_AES_256_GCM_SHA384, TLS_ECDH_RSA_WITH_AES_256_GCM_SHA384, TLS_ECDH_ECDSA_WITH_AES_128_GCM_SHA256, TLS_ECDH_RSA_WITH_AES_128_GCM_SHA256, TLS_ECDH_ECDSA_WITH_AES_256_CBC_SHA384, TLS_ECDH_RSA_WITH_AES_256_CBC_SHA384, TLS_ECDH_ECDSA_WITH_AES_128_CBC_SHA256, TLS_ECDH_RSA_WITH_AES_128_CBC_SHA256, TLS_ECDHE_ECDSA_WITH_AES_256_CBC_SHA, TLS_ECDHE_RSA_WITH_AES_256_CBC_SHA, TLS_ECDHE_ECDSA_WITH_AES_128_CBC_SHA, TLS_ECDHE_RSA_WITH_AES_128_CBC_SHA, TLS_DHE_RSA_WITH_AES_256_CBC_SHA, TLS_DHE_DSS_WITH_AES_256_CBC_SHA, TLS_DHE_RSA_WITH_AES_128_CBC_SHA, TLS_DHE_DSS_WITH_AES_128_CBC_SHA, TLS_ECDH_ECDSA_WITH_AES_256_CBC_SHA, TLS_ECDH_RSA_WITH_AES_256_CBC_SHA, TLS_ECDH_ECDSA_WITH_AES_128_CBC_SHA, TLS_ECDH_RSA_WITH_AES_128_CBC_SHA, TLS_RSA_WITH_AES_256_GCM_SHA384, TLS_RSA_WITH_AES_128_GCM_SHA256, TLS_RSA_WITH_AES_256_CBC_SHA256, TLS_RSA_WITH_AES_128_CBC_SHA256, TLS_RSA_WITH_AES_256_CBC_SHA, TLS_RSA_WITH_AES_128_CBC_SHA, TLS_EMPTY_RENEGOTIATION_INFO_SCSV]
[DEBUG] Starting handshake
[DEBUG] Secure session established
[DEBUG]  negotiated protocol: TLSv1.3
[DEBUG]  negotiated cipher suite: TLS_AES_256_GCM_SHA384
[DEBUG]  peer principal: CN=*.storage.googleapis.com
[DEBUG]  peer alternative names: [*.storage.googleapis.com, *.googleapis.com, commondatastorage.googleapis.com, *.commondatastorage.googleapis.com, storage.googleapis.com, storage.mtls.googleapis.com, *.appspot.com.storage.googleapis.com, *.content-storage.googleapis.com, *.content-storage-p2.googleapis.com, *.content-storage-upload.googleapis.com, *.content-storage-download.googleapis.com, *.storage-upload.googleapis.com, *.storage-download.googleapis.com]
[DEBUG]  issuer principal: CN=GTS CA 1C3, O=Google Trust Services LLC, C=US
[DEBUG] http-outgoing-1 connection established 192.168.0.102:51629<->142.250.182.240:443
[DEBUG] ep-0000000001 connected http-outgoing-1
[DEBUG] ep-0000000001 endpoint connected
[DEBUG] ex-0000000002 executing GET /LATEST_RELEASE_104 HTTP/1.1
[DEBUG] ep-0000000001 start execution ex-0000000002
[DEBUG] ep-0000000001 executing exchange ex-0000000002 over http-outgoing-1
[DEBUG] http-outgoing-1 >> GET /LATEST_RELEASE_104 HTTP/1.1
[DEBUG] http-outgoing-1 >> user-agent: Apache-HttpClient/5.0
[DEBUG] http-outgoing-1 >> accept-encoding: gzip, deflate, br
[DEBUG] http-outgoing-1 >> cache-control: max-age=0
[DEBUG] http-outgoing-1 >> connection: keep-alive
[DEBUG] http-outgoing-1 >> Host: chromedriver.storage.googleapis.com
[DEBUG] http-outgoing-1 >> "GET /LATEST_RELEASE_104 HTTP/1.1[\r][\n]"
[DEBUG] http-outgoing-1 >> "user-agent: Apache-HttpClient/5.0[\r][\n]"
[DEBUG] http-outgoing-1 >> "accept-encoding: gzip, deflate, br[\r][\n]"
[DEBUG] http-outgoing-1 >> "cache-control: max-age=0[\r][\n]"
[DEBUG] http-outgoing-1 >> "connection: keep-alive[\r][\n]"
[DEBUG] http-outgoing-1 >> "Host: chromedriver.storage.googleapis.com[\r][\n]"
[DEBUG] http-outgoing-1 >> "[\r][\n]"
[DEBUG] http-outgoing-1 << "HTTP/1.1 200 OK[\r][\n]"
[DEBUG] http-outgoing-1 << "X-GUploader-UploadID: ADPycduebeAQDyO54xuVMjE0N4jLQprXtjaKm6UkEnmWh0fVNx53cdTUWW7wGw2YB6Pi_wEhSjX3J9tj3sREpe07wIEDABb5htON[\r][\n]"
[DEBUG] http-outgoing-1 << "x-goog-generation: 1659524645014447[\r][\n]"
[DEBUG] http-outgoing-1 << "x-goog-metageneration: 1[\r][\n]"
[DEBUG] http-outgoing-1 << "x-goog-stored-content-encoding: identity[\r][\n]"
[DEBUG] http-outgoing-1 << "x-goog-stored-content-length: 13[\r][\n]"
[DEBUG] http-outgoing-1 << "x-goog-hash: crc32c=CBbVHA==[\r][\n]"
[DEBUG] http-outgoing-1 << "x-goog-hash: md5=bsnyTKhNykeBMgCI7m/eUw==[\r][\n]"
[DEBUG] http-outgoing-1 << "x-goog-storage-class: STANDARD[\r][\n]"
[DEBUG] http-outgoing-1 << "Accept-Ranges: bytes[\r][\n]"
[DEBUG] http-outgoing-1 << "Content-Length: 13[\r][\n]"
[DEBUG] http-outgoing-1 << "Server: UploadServer[\r][\n]"
[DEBUG] http-outgoing-1 << "Date: Wed, 10 Aug 2022 14:57:34 GMT[\r][\n]"
[DEBUG] http-outgoing-1 << "Expires: Wed, 10 Aug 2022 15:57:34 GMT[\r][\n]"
[DEBUG] http-outgoing-1 << "Cache-Control: public, max-age=3600[\r][\n]"
[DEBUG] http-outgoing-1 << "Age: 3162[\r][\n]"
[DEBUG] http-outgoing-1 << "Last-Modified: Wed, 03 Aug 2022 11:04:05 GMT[\r][\n]"
[DEBUG] http-outgoing-1 << "ETag: "6ec9f24ca84dca4781320088ee6fde53"[\r][\n]"
[DEBUG] http-outgoing-1 << "Content-Type: text/plain[\r][\n]"
[DEBUG] http-outgoing-1 << "Alt-Svc: h3=":443"; ma=2592000,h3-29=":443"; ma=2592000,h3-Q050=":443"; ma=2592000,h3-Q046=":443"; ma=2592000,h3-Q043=":443"; ma=2592000,quic=":443"; ma=2592000; v="46,43"[\r][\n]"
[DEBUG] http-outgoing-1 << "[\r][\n]"
[DEBUG] http-outgoing-1 << "104.0.5112.79"
[DEBUG] http-outgoing-1 << HTTP/1.1 200 OK
[DEBUG] http-outgoing-1 << X-GUploader-UploadID: ADPycduebeAQDyO54xuVMjE0N4jLQprXtjaKm6UkEnmWh0fVNx53cdTUWW7wGw2YB6Pi_wEhSjX3J9tj3sREpe07wIEDABb5htON
[DEBUG] http-outgoing-1 << x-goog-generation: 1659524645014447
[DEBUG] http-outgoing-1 << x-goog-metageneration: 1
[DEBUG] http-outgoing-1 << x-goog-stored-content-encoding: identity
[DEBUG] http-outgoing-1 << x-goog-stored-content-length: 13
[DEBUG] http-outgoing-1 << x-goog-hash: crc32c=CBbVHA==
[DEBUG] http-outgoing-1 << x-goog-hash: md5=bsnyTKhNykeBMgCI7m/eUw==
[DEBUG] http-outgoing-1 << x-goog-storage-class: STANDARD
[DEBUG] http-outgoing-1 << Accept-Ranges: bytes
[DEBUG] http-outgoing-1 << Content-Length: 13
[DEBUG] http-outgoing-1 << Server: UploadServer
[DEBUG] http-outgoing-1 << Date: Wed, 10 Aug 2022 14:57:34 GMT
[DEBUG] http-outgoing-1 << Expires: Wed, 10 Aug 2022 15:57:34 GMT
[DEBUG] http-outgoing-1 << Cache-Control: public, max-age=3600
[DEBUG] http-outgoing-1 << Age: 3162
[DEBUG] http-outgoing-1 << Last-Modified: Wed, 03 Aug 2022 11:04:05 GMT
[DEBUG] http-outgoing-1 << ETag: "6ec9f24ca84dca4781320088ee6fde53"
[DEBUG] http-outgoing-1 << Content-Type: text/plain
[DEBUG] http-outgoing-1 << Alt-Svc: h3=":443"; ma=2592000,h3-29=":443"; ma=2592000,h3-Q050=":443"; ma=2592000,h3-Q046=":443"; ma=2592000,h3-Q043=":443"; ma=2592000,quic=":443"; ma=2592000; v="46,43"
[DEBUG] ex-0000000002 connection can be kept alive for 3 MINUTES
[DEBUG] ep-0000000001 releasing valid endpoint
[DEBUG] ep-0000000001 releasing endpoint
[DEBUG] ep-0000000001 connection http-outgoing-1 can be kept alive for 3 MINUTES
[DEBUG] ep-0000000001 connection released [route: {s}->https://chromedriver.storage.googleapis.com:443][total available: 2; route allocated: 1 of 5; total allocated: 2 of 25]
[DEBUG] Latest version of chromedriver according to https://chromedriver.storage.googleapis.com/LATEST_RELEASE_104 is 104.0.5112.79
[INFO] Using chromedriver 104.0.5112.79 (resolved driver for Chrome 104)
[DEBUG] Storing resolution chrome=104 in cache (valid until 22:20:16 10/08/2022 IST)
[DEBUG] Storing resolution chrome104=104.0.5112.79 in cache (valid until 21:20:16 11/08/2022 IST)
[DEBUG] Driver chromedriver 104.0.5112.79 found in cache
[INFO] Exporting webdriver.chrome.driver as C:\Users\Mahesh\.cache\selenium\chromedriver\win32\104.0.5112.79\chromedriver.exe
[DEBUG] Using SLF4J as the default logging framework
[DEBUG] -Dio.netty.leakDetection.level: simple
[DEBUG] -Dio.netty.leakDetection.targetRecords: 4
[DEBUG] Loaded default ResourceLeakDetector: io.netty.util.ResourceLeakDetector@715fa8c5
[DEBUG] -Dio.netty.noUnsafe: false
[DEBUG] Java version: 17
[DEBUG] sun.misc.Unsafe.theUnsafe: available
[DEBUG] sun.misc.Unsafe.copyMemory: available
[DEBUG] sun.misc.Unsafe.storeFence: available
[DEBUG] java.nio.Buffer.address: available
[DEBUG] direct buffer constructor: unavailable: Reflective setAccessible(true) disabled
[DEBUG] java.nio.Bits.unaligned: available, true
[DEBUG] jdk.internal.misc.Unsafe.allocateUninitializedArray(int): unavailable: class io.netty.util.internal.PlatformDependent0$7 cannot access class jdk.internal.misc.Unsafe (in module java.base) because module java.base does not export jdk.internal.misc to unnamed module @13a5fe33
[DEBUG] java.nio.DirectByteBuffer.<init>(long, int): unavailable
[DEBUG] sun.misc.Unsafe: available
[DEBUG] maxDirectMemory: 4242538496 bytes (maybe)
[DEBUG] -Dio.netty.tmpdir: C:\Users\Mahesh\AppData\Local\Temp (java.io.tmpdir)
[DEBUG] -Dio.netty.bitMode: 64 (sun.arch.data.model)
[DEBUG] Platform: Windows
[DEBUG] -Dio.netty.maxDirectMemory: -1 bytes
[DEBUG] -Dio.netty.uninitializedArrayAllocationThreshold: -1
[DEBUG] java.nio.ByteBuffer.cleaner(): available
[DEBUG] -Dio.netty.noPreferDirect: false
[DEBUG] org.jctools-core.MpscChunkedArrayQueue: available
[DEBUG] -Dio.netty.threadLocalMap.stringBuilder.initialSize: 1024
[DEBUG] -Dio.netty.threadLocalMap.stringBuilder.maxSize: 4096
[DEBUG] Default protocols (JDK): [TLSv1.3, TLSv1.2] 
[DEBUG] Default cipher suites (JDK): [TLS_ECDHE_ECDSA_WITH_AES_256_GCM_SHA384, TLS_ECDHE_ECDSA_WITH_AES_128_GCM_SHA256, TLS_ECDHE_RSA_WITH_AES_128_GCM_SHA256, TLS_ECDHE_RSA_WITH_AES_256_GCM_SHA384, TLS_ECDHE_RSA_WITH_AES_128_CBC_SHA, TLS_ECDHE_RSA_WITH_AES_256_CBC_SHA, TLS_RSA_WITH_AES_128_GCM_SHA256, TLS_RSA_WITH_AES_128_CBC_SHA, TLS_RSA_WITH_AES_256_CBC_SHA, TLS_AES_128_GCM_SHA256, TLS_AES_256_GCM_SHA384]
[DEBUG] -Dio.netty.eventLoopThreads: 16
[DEBUG] -Dio.netty.noKeySetOptimization: false
[DEBUG] -Dio.netty.selectorAutoRebuildThreshold: 512
[DEBUG] -Dio.netty.allocator.numHeapArenas: 16
[DEBUG] -Dio.netty.allocator.numDirectArenas: 16
[DEBUG] -Dio.netty.allocator.pageSize: 8192
[DEBUG] -Dio.netty.allocator.maxOrder: 9
[DEBUG] -Dio.netty.allocator.chunkSize: 4194304
[DEBUG] -Dio.netty.allocator.smallCacheSize: 256
[DEBUG] -Dio.netty.allocator.normalCacheSize: 64
[DEBUG] -Dio.netty.allocator.maxCachedBufferCapacity: 32768
[DEBUG] -Dio.netty.allocator.cacheTrimInterval: 8192
[DEBUG] -Dio.netty.allocator.cacheTrimIntervalMillis: 0
[DEBUG] -Dio.netty.allocator.useCacheForAllThreads: false
[DEBUG] -Dio.netty.allocator.maxCachedByteBuffersPerChunk: 1023
[DEBUG] -Dio.netty.allocator.type: pooled
[DEBUG] -Dio.netty.threadLocalDirectBufferSize: 0
[DEBUG] -Dio.netty.maxThreadLocalCharBufferSize: 16384
[DEBUG] -Dio.netty.processId: 10168 (auto-detected)
[DEBUG] -Djava.net.preferIPv4Stack: false
[DEBUG] -Djava.net.preferIPv6Addresses: false
[DEBUG] Loopback interface: lo (Software Loopback Interface 1, 127.0.0.1)
[DEBUG] Failed to get SOMAXCONN from sysctl and file \proc\sys\net\core\somaxconn. Default: 200
[DEBUG] -Dio.netty.machineId: 80:38:fb:ff:fe:c7:7b:c1 (auto-detected)
[DEBUG] -Dio.netty.buffer.checkAccessible: true
[DEBUG] -Dio.netty.buffer.checkBounds: true
[DEBUG] Loaded default ResourceLeakDetector: io.netty.util.ResourceLeakDetector@63fe7d5e
[DEBUG] Using new Channel '[id: 0x91ee2d5f, L:/127.0.0.1:51641 - R:localhost/127.0.0.1:54001]' for 'POST' to '/session'
[DEBUG] -Dio.netty.recycler.maxCapacityPerThread: 4096
[DEBUG] -Dio.netty.recycler.ratio: 8
[DEBUG] -Dio.netty.recycler.chunkSize: 32
[DEBUG] -Dio.netty.recycler.blocking: false
[DEBUG] brotli4j not in the classpath; Brotli support will be unavailable.
[DEBUG] 

Request DefaultHttpRequest(decodeResult: success, version: HTTP/1.1)
POST /session HTTP/1.1
User-Agent: selenium/4.2.1 (java windows)
Content-Length: 365
Content-Type: application/json; charset=utf-8
host: localhost:54001
accept: */*

Response DefaultHttpResponse(decodeResult: success, version: HTTP/1.1)
HTTP/1.1 200 OK
Content-Type: application/json; charset=utf-8
cache-control: no-cache
content-length: 792

[DEBUG] Adding key: http://localhost:54001 for channel [id: 0x91ee2d5f, L:/127.0.0.1:51641 - R:localhost/127.0.0.1:54001]
[DEBUG] Using new Channel '[id: 0x679bdffe, L:/127.0.0.1:51649 - R:localhost/127.0.0.1:51642]' for 'GET' to '/json/version'
[DEBUG] 

Request DefaultFullHttpRequest(decodeResult: success, version: HTTP/1.1, content: EmptyByteBufBE)
GET /json/version HTTP/1.1
User-Agent: selenium/4.2.1 (java windows)
host: localhost:51642
accept: */*

Response DefaultHttpResponse(decodeResult: success, version: HTTP/1.1)
HTTP/1.1 200 OK
Content-Type: application/json; charset=UTF-8
content-length: 427

[DEBUG] Adding key: http://localhost:51642 for channel [id: 0x679bdffe, L:/127.0.0.1:51649 - R:localhost/127.0.0.1:51642]
[DEBUG] -Dio.netty.initialSeedUniquifier: 0x03ee506425a6135e
[DEBUG] Using new Channel '[id: 0x1d320293, L:/127.0.0.1:51650 - R:localhost/127.0.0.1:51642]' for 'GET' to '/devtools/browser/c98ee8dc-30c9-43fc-9555-1460903cb629'
[DEBUG] 

Request DefaultFullHttpRequest(decodeResult: success, version: HTTP/1.1, content: EmptyByteBufBE)
GET /devtools/browser/c98ee8dc-30c9-43fc-9555-1460903cb629 HTTP/1.1
upgrade: websocket
connection: upgrade
sec-websocket-key: Tfu8NCWtkrtIHWPey4eauA==
sec-websocket-version: 13
origin: http://localhost:51642
host: localhost:51642
accept: */*
user-agent: AHC/2.1

Response DefaultHttpResponse(decodeResult: success, version: HTTP/1.1)
HTTP/1.1 101 WebSocket Protocol Handshake
Upgrade: WebSocket
Connection: Upgrade
Sec-WebSocket-Accept: XKUEpbXaxmu5Vq+DTRNSXIqNx1Q=

[FATAL] 2022-08-10 21:20:20.599 [main] Steps - Setup1 executed...
[INFO ] 2022-08-10 21:20:20.733 [main] Steps - chrome browser launced..
[DEBUG] Using pooled Channel '[id: 0x91ee2d5f, L:/127.0.0.1:51641 - R:localhost/127.0.0.1:54001]' for 'POST' to 'http://localhost:54001/session/4e6f6599390c26fc46498e0ee0db4b5c/url'
[DEBUG] Using open Channel [id: 0x91ee2d5f, L:/127.0.0.1:51641 - R:localhost/127.0.0.1:54001] for POST '/session/4e6f6599390c26fc46498e0ee0db4b5c/url'
[DEBUG] Entry count for : http://localhost:51642 : 1
[DEBUG] Entry count for : http://localhost:51642 : 1
[DEBUG] 

Request DefaultHttpRequest(decodeResult: success, version: HTTP/1.1)
POST /session/4e6f6599390c26fc46498e0ee0db4b5c/url HTTP/1.1
User-Agent: selenium/4.2.1 (java windows)
Content-Length: 69
Content-Type: application/json; charset=utf-8
host: localhost:54001
accept: */*

Response DefaultHttpResponse(decodeResult: success, version: HTTP/1.1)
HTTP/1.1 200 OK
Content-Type: application/json; charset=utf-8
cache-control: no-cache
content-length: 14

[DEBUG] Adding key: http://localhost:54001 for channel [id: 0x91ee2d5f, L:/127.0.0.1:51641 - R:localhost/127.0.0.1:54001]
[INFO ] 2022-08-10 21:20:23.159 [main] Steps - url opened launced..
[DEBUG] Using pooled Channel '[id: 0x91ee2d5f, L:/127.0.0.1:51641 - R:localhost/127.0.0.1:54001]' for 'POST' to 'http://localhost:54001/session/4e6f6599390c26fc46498e0ee0db4b5c/element'
[DEBUG] Using open Channel [id: 0x91ee2d5f, L:/127.0.0.1:51641 - R:localhost/127.0.0.1:54001] for POST '/session/4e6f6599390c26fc46498e0ee0db4b5c/element'
[DEBUG] 

Request DefaultHttpRequest(decodeResult: success, version: HTTP/1.1)
POST /session/4e6f6599390c26fc46498e0ee0db4b5c/element HTTP/1.1
User-Agent: selenium/4.2.1 (java windows)
Content-Length: 50
Content-Type: application/json; charset=utf-8
host: localhost:54001
accept: */*

Response DefaultHttpResponse(decodeResult: success, version: HTTP/1.1)
HTTP/1.1 200 OK
Content-Type: application/json; charset=utf-8
cache-control: no-cache
content-length: 88

[DEBUG] Adding key: http://localhost:54001 for channel [id: 0x91ee2d5f, L:/127.0.0.1:51641 - R:localhost/127.0.0.1:54001]
[DEBUG] Using pooled Channel '[id: 0x91ee2d5f, L:/127.0.0.1:51641 - R:localhost/127.0.0.1:54001]' for 'POST' to 'http://localhost:54001/session/4e6f6599390c26fc46498e0ee0db4b5c/element/2c6ed7fd-6012-47f0-a4e0-27406fff722c/clear'
[DEBUG] Using open Channel [id: 0x91ee2d5f, L:/127.0.0.1:51641 - R:localhost/127.0.0.1:54001] for POST '/session/4e6f6599390c26fc46498e0ee0db4b5c/element/2c6ed7fd-6012-47f0-a4e0-27406fff722c/clear'
[DEBUG] 

Request DefaultHttpRequest(decodeResult: success, version: HTTP/1.1)
POST /session/4e6f6599390c26fc46498e0ee0db4b5c/element/2c6ed7fd-6012-47f0-a4e0-27406fff722c/clear HTTP/1.1
User-Agent: selenium/4.2.1 (java windows)
Content-Length: 50
Content-Type: application/json; charset=utf-8
host: localhost:54001
accept: */*

Response DefaultHttpResponse(decodeResult: success, version: HTTP/1.1)
HTTP/1.1 200 OK
Content-Type: application/json; charset=utf-8
cache-control: no-cache
content-length: 14

[DEBUG] Adding key: http://localhost:54001 for channel [id: 0x91ee2d5f, L:/127.0.0.1:51641 - R:localhost/127.0.0.1:54001]
[DEBUG] Using pooled Channel '[id: 0x91ee2d5f, L:/127.0.0.1:51641 - R:localhost/127.0.0.1:54001]' for 'POST' to 'http://localhost:54001/session/4e6f6599390c26fc46498e0ee0db4b5c/element'
[DEBUG] Using open Channel [id: 0x91ee2d5f, L:/127.0.0.1:51641 - R:localhost/127.0.0.1:54001] for POST '/session/4e6f6599390c26fc46498e0ee0db4b5c/element'
[DEBUG] 

Request DefaultHttpRequest(decodeResult: success, version: HTTP/1.1)
POST /session/4e6f6599390c26fc46498e0ee0db4b5c/element HTTP/1.1
User-Agent: selenium/4.2.1 (java windows)
Content-Length: 50
Content-Type: application/json; charset=utf-8
host: localhost:54001
accept: */*

Response DefaultHttpResponse(decodeResult: success, version: HTTP/1.1)
HTTP/1.1 200 OK
Content-Type: application/json; charset=utf-8
cache-control: no-cache
content-length: 88

[DEBUG] Adding key: http://localhost:54001 for channel [id: 0x91ee2d5f, L:/127.0.0.1:51641 - R:localhost/127.0.0.1:54001]
[DEBUG] Using pooled Channel '[id: 0x91ee2d5f, L:/127.0.0.1:51641 - R:localhost/127.0.0.1:54001]' for 'POST' to 'http://localhost:54001/session/4e6f6599390c26fc46498e0ee0db4b5c/element/2c6ed7fd-6012-47f0-a4e0-27406fff722c/value'
[DEBUG] Using open Channel [id: 0x91ee2d5f, L:/127.0.0.1:51641 - R:localhost/127.0.0.1:54001] for POST '/session/4e6f6599390c26fc46498e0ee0db4b5c/element/2c6ed7fd-6012-47f0-a4e0-27406fff722c/value'
[DEBUG] Entry count for : http://localhost:51642 : 1
[DEBUG] 

Request DefaultHttpRequest(decodeResult: success, version: HTTP/1.1)
POST /session/4e6f6599390c26fc46498e0ee0db4b5c/element/2c6ed7fd-6012-47f0-a4e0-27406fff722c/value HTTP/1.1
User-Agent: selenium/4.2.1 (java windows)
Content-Length: 271
Content-Type: application/json; charset=utf-8
host: localhost:54001
accept: */*

Response DefaultHttpResponse(decodeResult: success, version: HTTP/1.1)
HTTP/1.1 200 OK
Content-Type: application/json; charset=utf-8
cache-control: no-cache
content-length: 14

[DEBUG] Adding key: http://localhost:54001 for channel [id: 0x91ee2d5f, L:/127.0.0.1:51641 - R:localhost/127.0.0.1:54001]
[DEBUG] Using pooled Channel '[id: 0x91ee2d5f, L:/127.0.0.1:51641 - R:localhost/127.0.0.1:54001]' for 'POST' to 'http://localhost:54001/session/4e6f6599390c26fc46498e0ee0db4b5c/element'
[DEBUG] Using open Channel [id: 0x91ee2d5f, L:/127.0.0.1:51641 - R:localhost/127.0.0.1:54001] for POST '/session/4e6f6599390c26fc46498e0ee0db4b5c/element'
[DEBUG] 

Request DefaultHttpRequest(decodeResult: success, version: HTTP/1.1)
POST /session/4e6f6599390c26fc46498e0ee0db4b5c/element HTTP/1.1
User-Agent: selenium/4.2.1 (java windows)
Content-Length: 53
Content-Type: application/json; charset=utf-8
host: localhost:54001
accept: */*

Response DefaultHttpResponse(decodeResult: success, version: HTTP/1.1)
HTTP/1.1 200 OK
Content-Type: application/json; charset=utf-8
cache-control: no-cache
content-length: 88

[DEBUG] Adding key: http://localhost:54001 for channel [id: 0x91ee2d5f, L:/127.0.0.1:51641 - R:localhost/127.0.0.1:54001]
[DEBUG] Using pooled Channel '[id: 0x91ee2d5f, L:/127.0.0.1:51641 - R:localhost/127.0.0.1:54001]' for 'POST' to 'http://localhost:54001/session/4e6f6599390c26fc46498e0ee0db4b5c/element/33c03caf-88f1-45c8-8374-04eb17abe128/clear'
[DEBUG] Using open Channel [id: 0x91ee2d5f, L:/127.0.0.1:51641 - R:localhost/127.0.0.1:54001] for POST '/session/4e6f6599390c26fc46498e0ee0db4b5c/element/33c03caf-88f1-45c8-8374-04eb17abe128/clear'
[DEBUG] 

Request DefaultHttpRequest(decodeResult: success, version: HTTP/1.1)
POST /session/4e6f6599390c26fc46498e0ee0db4b5c/element/33c03caf-88f1-45c8-8374-04eb17abe128/clear HTTP/1.1
User-Agent: selenium/4.2.1 (java windows)
Content-Length: 50
Content-Type: application/json; charset=utf-8
host: localhost:54001
accept: */*

Response DefaultHttpResponse(decodeResult: success, version: HTTP/1.1)
HTTP/1.1 200 OK
Content-Type: application/json; charset=utf-8
cache-control: no-cache
content-length: 14

[DEBUG] Adding key: http://localhost:54001 for channel [id: 0x91ee2d5f, L:/127.0.0.1:51641 - R:localhost/127.0.0.1:54001]
[DEBUG] Using pooled Channel '[id: 0x91ee2d5f, L:/127.0.0.1:51641 - R:localhost/127.0.0.1:54001]' for 'POST' to 'http://localhost:54001/session/4e6f6599390c26fc46498e0ee0db4b5c/element'
[DEBUG] Using open Channel [id: 0x91ee2d5f, L:/127.0.0.1:51641 - R:localhost/127.0.0.1:54001] for POST '/session/4e6f6599390c26fc46498e0ee0db4b5c/element'
[DEBUG] 

Request DefaultHttpRequest(decodeResult: success, version: HTTP/1.1)
POST /session/4e6f6599390c26fc46498e0ee0db4b5c/element HTTP/1.1
User-Agent: selenium/4.2.1 (java windows)
Content-Length: 53
Content-Type: application/json; charset=utf-8
host: localhost:54001
accept: */*

Response DefaultHttpResponse(decodeResult: success, version: HTTP/1.1)
HTTP/1.1 200 OK
Content-Type: application/json; charset=utf-8
cache-control: no-cache
content-length: 88

[DEBUG] Adding key: http://localhost:54001 for channel [id: 0x91ee2d5f, L:/127.0.0.1:51641 - R:localhost/127.0.0.1:54001]
[DEBUG] Using pooled Channel '[id: 0x91ee2d5f, L:/127.0.0.1:51641 - R:localhost/127.0.0.1:54001]' for 'POST' to 'http://localhost:54001/session/4e6f6599390c26fc46498e0ee0db4b5c/element/33c03caf-88f1-45c8-8374-04eb17abe128/value'
[DEBUG] Using open Channel [id: 0x91ee2d5f, L:/127.0.0.1:51641 - R:localhost/127.0.0.1:54001] for POST '/session/4e6f6599390c26fc46498e0ee0db4b5c/element/33c03caf-88f1-45c8-8374-04eb17abe128/value'
[DEBUG] 

Request DefaultHttpRequest(decodeResult: success, version: HTTP/1.1)
POST /session/4e6f6599390c26fc46498e0ee0db4b5c/element/33c03caf-88f1-45c8-8374-04eb17abe128/value HTTP/1.1
User-Agent: selenium/4.2.1 (java windows)
Content-Length: 131
Content-Type: application/json; charset=utf-8
host: localhost:54001
accept: */*

Response DefaultHttpResponse(decodeResult: success, version: HTTP/1.1)
HTTP/1.1 200 OK
Content-Type: application/json; charset=utf-8
cache-control: no-cache
content-length: 14

[DEBUG] Adding key: http://localhost:54001 for channel [id: 0x91ee2d5f, L:/127.0.0.1:51641 - R:localhost/127.0.0.1:54001]
[INFO ] 2022-08-10 21:20:23.655 [main] Steps - email address and password entered
[DEBUG] Using pooled Channel '[id: 0x91ee2d5f, L:/127.0.0.1:51641 - R:localhost/127.0.0.1:54001]' for 'POST' to 'http://localhost:54001/session/4e6f6599390c26fc46498e0ee0db4b5c/element'
[DEBUG] Using open Channel [id: 0x91ee2d5f, L:/127.0.0.1:51641 - R:localhost/127.0.0.1:54001] for POST '/session/4e6f6599390c26fc46498e0ee0db4b5c/element'
[DEBUG] 

Request DefaultHttpRequest(decodeResult: success, version: HTTP/1.1)
POST /session/4e6f6599390c26fc46498e0ee0db4b5c/element HTTP/1.1
User-Agent: selenium/4.2.1 (java windows)
Content-Length: 87
Content-Type: application/json; charset=utf-8
host: localhost:54001
accept: */*

Response DefaultHttpResponse(decodeResult: success, version: HTTP/1.1)
HTTP/1.1 200 OK
Content-Type: application/json; charset=utf-8
cache-control: no-cache
content-length: 88

[DEBUG] Adding key: http://localhost:54001 for channel [id: 0x91ee2d5f, L:/127.0.0.1:51641 - R:localhost/127.0.0.1:54001]
[DEBUG] Using pooled Channel '[id: 0x91ee2d5f, L:/127.0.0.1:51641 - R:localhost/127.0.0.1:54001]' for 'POST' to 'http://localhost:54001/session/4e6f6599390c26fc46498e0ee0db4b5c/element/bcd4d815-d992-4a34-9ec8-3790c1b75436/click'
[DEBUG] Using open Channel [id: 0x91ee2d5f, L:/127.0.0.1:51641 - R:localhost/127.0.0.1:54001] for POST '/session/4e6f6599390c26fc46498e0ee0db4b5c/element/bcd4d815-d992-4a34-9ec8-3790c1b75436/click'
[DEBUG] Entry count for : http://localhost:51642 : 1
[DEBUG] Entry count for : http://localhost:51642 : 1
[DEBUG] Entry count for : http://localhost:51642 : 1
[DEBUG] Entry count for : http://localhost:51642 : 1
[DEBUG] 

Request DefaultHttpRequest(decodeResult: success, version: HTTP/1.1)
POST /session/4e6f6599390c26fc46498e0ee0db4b5c/element/bcd4d815-d992-4a34-9ec8-3790c1b75436/click HTTP/1.1
User-Agent: selenium/4.2.1 (java windows)
Content-Length: 50
Content-Type: application/json; charset=utf-8
host: localhost:54001
accept: */*

Response DefaultHttpResponse(decodeResult: success, version: HTTP/1.1)
HTTP/1.1 200 OK
Content-Type: application/json; charset=utf-8
cache-control: no-cache
content-length: 14

[DEBUG] Adding key: http://localhost:54001 for channel [id: 0x91ee2d5f, L:/127.0.0.1:51641 - R:localhost/127.0.0.1:54001]
[INFO ] 2022-08-10 21:20:28.532 [main] Steps - login button clicked
[DEBUG] Using pooled Channel '[id: 0x91ee2d5f, L:/127.0.0.1:51641 - R:localhost/127.0.0.1:54001]' for 'GET' to 'http://localhost:54001/session/4e6f6599390c26fc46498e0ee0db4b5c/title'
[DEBUG] Using open Channel [id: 0x91ee2d5f, L:/127.0.0.1:51641 - R:localhost/127.0.0.1:54001] for GET '/session/4e6f6599390c26fc46498e0ee0db4b5c/title'
[DEBUG] 

Request DefaultFullHttpRequest(decodeResult: success, version: HTTP/1.1, content: EmptyByteBufBE)
GET /session/4e6f6599390c26fc46498e0ee0db4b5c/title HTTP/1.1
User-Agent: selenium/4.2.1 (java windows)
Cache-Control: no-cache
Content-Type: application/json; charset=utf-8
host: localhost:54001
accept: */*

Response DefaultHttpResponse(decodeResult: success, version: HTTP/1.1)
HTTP/1.1 200 OK
Content-Type: application/json; charset=utf-8
cache-control: no-cache
content-length: 50

[DEBUG] Adding key: http://localhost:54001 for channel [id: 0x91ee2d5f, L:/127.0.0.1:51641 - R:localhost/127.0.0.1:54001]
[INFO ] 2022-08-10 21:20:28.553 [main] Steps - user can view dashboard test passed.
[DEBUG] Using pooled Channel '[id: 0x91ee2d5f, L:/127.0.0.1:51641 - R:localhost/127.0.0.1:54001]' for 'POST' to 'http://localhost:54001/session/4e6f6599390c26fc46498e0ee0db4b5c/element'
[DEBUG] Using open Channel [id: 0x91ee2d5f, L:/127.0.0.1:51641 - R:localhost/127.0.0.1:54001] for POST '/session/4e6f6599390c26fc46498e0ee0db4b5c/element'
[DEBUG] 

Request DefaultHttpRequest(decodeResult: success, version: HTTP/1.1)
POST /session/4e6f6599390c26fc46498e0ee0db4b5c/element HTTP/1.1
User-Agent: selenium/4.2.1 (java windows)
Content-Length: 104
Content-Type: application/json; charset=utf-8
host: localhost:54001
accept: */*

Response DefaultHttpResponse(decodeResult: success, version: HTTP/1.1)
HTTP/1.1 200 OK
Content-Type: application/json; charset=utf-8
cache-control: no-cache
content-length: 88

[DEBUG] Adding key: http://localhost:54001 for channel [id: 0x91ee2d5f, L:/127.0.0.1:51641 - R:localhost/127.0.0.1:54001]
[DEBUG] Using pooled Channel '[id: 0x91ee2d5f, L:/127.0.0.1:51641 - R:localhost/127.0.0.1:54001]' for 'POST' to 'http://localhost:54001/session/4e6f6599390c26fc46498e0ee0db4b5c/element/bc7509e5-843f-4424-ad2f-a3c75dc54d39/click'
[DEBUG] Using open Channel [id: 0x91ee2d5f, L:/127.0.0.1:51641 - R:localhost/127.0.0.1:54001] for POST '/session/4e6f6599390c26fc46498e0ee0db4b5c/element/bc7509e5-843f-4424-ad2f-a3c75dc54d39/click'
[DEBUG] 

Request DefaultHttpRequest(decodeResult: success, version: HTTP/1.1)
POST /session/4e6f6599390c26fc46498e0ee0db4b5c/element/bc7509e5-843f-4424-ad2f-a3c75dc54d39/click HTTP/1.1
User-Agent: selenium/4.2.1 (java windows)
Content-Length: 50
Content-Type: application/json; charset=utf-8
host: localhost:54001
accept: */*

Response DefaultHttpResponse(decodeResult: success, version: HTTP/1.1)
HTTP/1.1 200 OK
Content-Type: application/json; charset=utf-8
cache-control: no-cache
content-length: 14

[DEBUG] Adding key: http://localhost:54001 for channel [id: 0x91ee2d5f, L:/127.0.0.1:51641 - R:localhost/127.0.0.1:54001]
[INFO ] 2022-08-10 21:20:28.745 [main] Steps - user clicked on customer menu..
[DEBUG] Entry count for : http://localhost:54001 : 1
[DEBUG] Entry count for : http://localhost:51642 : 1
[DEBUG] Entry count for : http://localhost:54001 : 1
[DEBUG] Entry count for : http://localhost:51642 : 1
[DEBUG] Using pooled Channel '[id: 0x91ee2d5f, L:/127.0.0.1:51641 - R:localhost/127.0.0.1:54001]' for 'POST' to 'http://localhost:54001/session/4e6f6599390c26fc46498e0ee0db4b5c/element'
[DEBUG] Using open Channel [id: 0x91ee2d5f, L:/127.0.0.1:51641 - R:localhost/127.0.0.1:54001] for POST '/session/4e6f6599390c26fc46498e0ee0db4b5c/element'
[DEBUG] 

Request DefaultHttpRequest(decodeResult: success, version: HTTP/1.1)
POST /session/4e6f6599390c26fc46498e0ee0db4b5c/element HTTP/1.1
User-Agent: selenium/4.2.1 (java windows)
Content-Length: 138
Content-Type: application/json; charset=utf-8
host: localhost:54001
accept: */*

Response DefaultHttpResponse(decodeResult: success, version: HTTP/1.1)
HTTP/1.1 200 OK
Content-Type: application/json; charset=utf-8
cache-control: no-cache
content-length: 88

[DEBUG] Adding key: http://localhost:54001 for channel [id: 0x91ee2d5f, L:/127.0.0.1:51641 - R:localhost/127.0.0.1:54001]
[DEBUG] Using pooled Channel '[id: 0x91ee2d5f, L:/127.0.0.1:51641 - R:localhost/127.0.0.1:54001]' for 'POST' to 'http://localhost:54001/session/4e6f6599390c26fc46498e0ee0db4b5c/element/af61e508-70f1-4f60-b5b6-944704aa7b84/click'
[DEBUG] Using open Channel [id: 0x91ee2d5f, L:/127.0.0.1:51641 - R:localhost/127.0.0.1:54001] for POST '/session/4e6f6599390c26fc46498e0ee0db4b5c/element/af61e508-70f1-4f60-b5b6-944704aa7b84/click'
[DEBUG] Entry count for : http://localhost:51642 : 1
[DEBUG] Entry count for : http://localhost:51642 : 1
[DEBUG] 

Request DefaultHttpRequest(decodeResult: success, version: HTTP/1.1)
POST /session/4e6f6599390c26fc46498e0ee0db4b5c/element/af61e508-70f1-4f60-b5b6-944704aa7b84/click HTTP/1.1
User-Agent: selenium/4.2.1 (java windows)
Content-Length: 50
Content-Type: application/json; charset=utf-8
host: localhost:54001
accept: */*

Response DefaultHttpResponse(decodeResult: success, version: HTTP/1.1)
HTTP/1.1 200 OK
Content-Type: application/json; charset=utf-8
cache-control: no-cache
content-length: 14

[DEBUG] Adding key: http://localhost:54001 for channel [id: 0x91ee2d5f, L:/127.0.0.1:51641 - R:localhost/127.0.0.1:54001]
[INFO ] 2022-08-10 21:20:33.275 [main] Steps - user clicked on customer menu..
[DEBUG] Using pooled Channel '[id: 0x91ee2d5f, L:/127.0.0.1:51641 - R:localhost/127.0.0.1:54001]' for 'POST' to 'http://localhost:54001/session/4e6f6599390c26fc46498e0ee0db4b5c/element'
[DEBUG] Using open Channel [id: 0x91ee2d5f, L:/127.0.0.1:51641 - R:localhost/127.0.0.1:54001] for POST '/session/4e6f6599390c26fc46498e0ee0db4b5c/element'
[DEBUG] Entry count for : http://localhost:51642 : 1
[DEBUG] 

Request DefaultHttpRequest(decodeResult: success, version: HTTP/1.1)
POST /session/4e6f6599390c26fc46498e0ee0db4b5c/element HTTP/1.1
User-Agent: selenium/4.2.1 (java windows)
Content-Length: 76
Content-Type: application/json; charset=utf-8
host: localhost:54001
accept: */*

Response DefaultHttpResponse(decodeResult: success, version: HTTP/1.1)
HTTP/1.1 200 OK
Content-Type: application/json; charset=utf-8
cache-control: no-cache
content-length: 88

[DEBUG] Adding key: http://localhost:54001 for channel [id: 0x91ee2d5f, L:/127.0.0.1:51641 - R:localhost/127.0.0.1:54001]
[DEBUG] Using pooled Channel '[id: 0x91ee2d5f, L:/127.0.0.1:51641 - R:localhost/127.0.0.1:54001]' for 'POST' to 'http://localhost:54001/session/4e6f6599390c26fc46498e0ee0db4b5c/element/7646b9aa-8dee-4cc8-a250-45e061fb1741/click'
[DEBUG] Using open Channel [id: 0x91ee2d5f, L:/127.0.0.1:51641 - R:localhost/127.0.0.1:54001] for POST '/session/4e6f6599390c26fc46498e0ee0db4b5c/element/7646b9aa-8dee-4cc8-a250-45e061fb1741/click'
[DEBUG] Entry count for : http://localhost:51642 : 1
[DEBUG] Entry count for : http://localhost:51642 : 1
[DEBUG] Entry count for : http://localhost:51642 : 1
[DEBUG] 

Request DefaultHttpRequest(decodeResult: success, version: HTTP/1.1)
POST /session/4e6f6599390c26fc46498e0ee0db4b5c/element/7646b9aa-8dee-4cc8-a250-45e061fb1741/click HTTP/1.1
User-Agent: selenium/4.2.1 (java windows)
Content-Length: 50
Content-Type: application/json; charset=utf-8
host: localhost:54001
accept: */*

Response DefaultHttpResponse(decodeResult: success, version: HTTP/1.1)
HTTP/1.1 200 OK
Content-Type: application/json; charset=utf-8
cache-control: no-cache
content-length: 14

[DEBUG] Adding key: http://localhost:54001 for channel [id: 0x91ee2d5f, L:/127.0.0.1:51641 - R:localhost/127.0.0.1:54001]
[INFO ] 2022-08-10 21:20:37.524 [main] Steps - user clicked add new button..
[DEBUG] Using pooled Channel '[id: 0x91ee2d5f, L:/127.0.0.1:51641 - R:localhost/127.0.0.1:54001]' for 'GET' to 'http://localhost:54001/session/4e6f6599390c26fc46498e0ee0db4b5c/title'
[DEBUG] Using open Channel [id: 0x91ee2d5f, L:/127.0.0.1:51641 - R:localhost/127.0.0.1:54001] for GET '/session/4e6f6599390c26fc46498e0ee0db4b5c/title'
[DEBUG] 

Request DefaultFullHttpRequest(decodeResult: success, version: HTTP/1.1, content: EmptyByteBufBE)
GET /session/4e6f6599390c26fc46498e0ee0db4b5c/title HTTP/1.1
User-Agent: selenium/4.2.1 (java windows)
Cache-Control: no-cache
Content-Type: application/json; charset=utf-8
host: localhost:54001
accept: */*

Response DefaultHttpResponse(decodeResult: success, version: HTTP/1.1)
HTTP/1.1 200 OK
Content-Type: application/json; charset=utf-8
cache-control: no-cache
content-length: 59

[DEBUG] Adding key: http://localhost:54001 for channel [id: 0x91ee2d5f, L:/127.0.0.1:51641 - R:localhost/127.0.0.1:54001]
[INFO ] 2022-08-10 21:20:37.545 [main] Steps - User can view Add new customer page- passed
[DEBUG] Using pooled Channel '[id: 0x91ee2d5f, L:/127.0.0.1:51641 - R:localhost/127.0.0.1:54001]' for 'POST' to 'http://localhost:54001/session/4e6f6599390c26fc46498e0ee0db4b5c/element'
[DEBUG] Using open Channel [id: 0x91ee2d5f, L:/127.0.0.1:51641 - R:localhost/127.0.0.1:54001] for POST '/session/4e6f6599390c26fc46498e0ee0db4b5c/element'
[DEBUG] 

Request DefaultHttpRequest(decodeResult: success, version: HTTP/1.1)
POST /session/4e6f6599390c26fc46498e0ee0db4b5c/element HTTP/1.1
User-Agent: selenium/4.2.1 (java windows)
Content-Length: 67
Content-Type: application/json; charset=utf-8
host: localhost:54001
accept: */*

Response DefaultHttpResponse(decodeResult: success, version: HTTP/1.1)
HTTP/1.1 200 OK
Content-Type: application/json; charset=utf-8
cache-control: no-cache
content-length: 88

[DEBUG] Adding key: http://localhost:54001 for channel [id: 0x91ee2d5f, L:/127.0.0.1:51641 - R:localhost/127.0.0.1:54001]
[DEBUG] Using pooled Channel '[id: 0x91ee2d5f, L:/127.0.0.1:51641 - R:localhost/127.0.0.1:54001]' for 'POST' to 'http://localhost:54001/session/4e6f6599390c26fc46498e0ee0db4b5c/element/24011274-c650-4232-8283-f63ece6af3f1/value'
[DEBUG] Using open Channel [id: 0x91ee2d5f, L:/127.0.0.1:51641 - R:localhost/127.0.0.1:54001] for POST '/session/4e6f6599390c26fc46498e0ee0db4b5c/element/24011274-c650-4232-8283-f63ece6af3f1/value'
[DEBUG] Entry count for : http://localhost:51642 : 1
[DEBUG] 

Request DefaultHttpRequest(decodeResult: success, version: HTTP/1.1)
POST /session/4e6f6599390c26fc46498e0ee0db4b5c/element/24011274-c650-4232-8283-f63ece6af3f1/value HTTP/1.1
User-Agent: selenium/4.2.1 (java windows)
Content-Length: 231
Content-Type: application/json; charset=utf-8
host: localhost:54001
accept: */*

Response DefaultHttpResponse(decodeResult: success, version: HTTP/1.1)
HTTP/1.1 200 OK
Content-Type: application/json; charset=utf-8
cache-control: no-cache
content-length: 14

[DEBUG] Adding key: http://localhost:54001 for channel [id: 0x91ee2d5f, L:/127.0.0.1:51641 - R:localhost/127.0.0.1:54001]
[DEBUG] Using pooled Channel '[id: 0x91ee2d5f, L:/127.0.0.1:51641 - R:localhost/127.0.0.1:54001]' for 'POST' to 'http://localhost:54001/session/4e6f6599390c26fc46498e0ee0db4b5c/element'
[DEBUG] Using open Channel [id: 0x91ee2d5f, L:/127.0.0.1:51641 - R:localhost/127.0.0.1:54001] for POST '/session/4e6f6599390c26fc46498e0ee0db4b5c/element'
[DEBUG] 

Request DefaultHttpRequest(decodeResult: success, version: HTTP/1.1)
POST /session/4e6f6599390c26fc46498e0ee0db4b5c/element HTTP/1.1
User-Agent: selenium/4.2.1 (java windows)
Content-Length: 70
Content-Type: application/json; charset=utf-8
host: localhost:54001
accept: */*

Response DefaultHttpResponse(decodeResult: success, version: HTTP/1.1)
HTTP/1.1 200 OK
Content-Type: application/json; charset=utf-8
cache-control: no-cache
content-length: 88

[DEBUG] Adding key: http://localhost:54001 for channel [id: 0x91ee2d5f, L:/127.0.0.1:51641 - R:localhost/127.0.0.1:54001]
[DEBUG] Using pooled Channel '[id: 0x91ee2d5f, L:/127.0.0.1:51641 - R:localhost/127.0.0.1:54001]' for 'POST' to 'http://localhost:54001/session/4e6f6599390c26fc46498e0ee0db4b5c/element/9b9922fa-1c41-4ef1-870c-51d191e27287/value'
[DEBUG] Using open Channel [id: 0x91ee2d5f, L:/127.0.0.1:51641 - R:localhost/127.0.0.1:54001] for POST '/session/4e6f6599390c26fc46498e0ee0db4b5c/element/9b9922fa-1c41-4ef1-870c-51d191e27287/value'
[DEBUG] 

Request DefaultHttpRequest(decodeResult: success, version: HTTP/1.1)
POST /session/4e6f6599390c26fc46498e0ee0db4b5c/element/9b9922fa-1c41-4ef1-870c-51d191e27287/value HTTP/1.1
User-Agent: selenium/4.2.1 (java windows)
Content-Length: 131
Content-Type: application/json; charset=utf-8
host: localhost:54001
accept: */*

Response DefaultHttpResponse(decodeResult: success, version: HTTP/1.1)
HTTP/1.1 200 OK
Content-Type: application/json; charset=utf-8
cache-control: no-cache
content-length: 14

[DEBUG] Adding key: http://localhost:54001 for channel [id: 0x91ee2d5f, L:/127.0.0.1:51641 - R:localhost/127.0.0.1:54001]
[DEBUG] Using pooled Channel '[id: 0x91ee2d5f, L:/127.0.0.1:51641 - R:localhost/127.0.0.1:54001]' for 'POST' to 'http://localhost:54001/session/4e6f6599390c26fc46498e0ee0db4b5c/element'
[DEBUG] Using open Channel [id: 0x91ee2d5f, L:/127.0.0.1:51641 - R:localhost/127.0.0.1:54001] for POST '/session/4e6f6599390c26fc46498e0ee0db4b5c/element'
[DEBUG] 

Request DefaultHttpRequest(decodeResult: success, version: HTTP/1.1)
POST /session/4e6f6599390c26fc46498e0ee0db4b5c/element HTTP/1.1
User-Agent: selenium/4.2.1 (java windows)
Content-Length: 71
Content-Type: application/json; charset=utf-8
host: localhost:54001
accept: */*

Response DefaultHttpResponse(decodeResult: success, version: HTTP/1.1)
HTTP/1.1 200 OK
Content-Type: application/json; charset=utf-8
cache-control: no-cache
content-length: 88

[DEBUG] Adding key: http://localhost:54001 for channel [id: 0x91ee2d5f, L:/127.0.0.1:51641 - R:localhost/127.0.0.1:54001]
[DEBUG] Using pooled Channel '[id: 0x91ee2d5f, L:/127.0.0.1:51641 - R:localhost/127.0.0.1:54001]' for 'POST' to 'http://localhost:54001/session/4e6f6599390c26fc46498e0ee0db4b5c/element/927f0560-c2ea-489b-aed5-83d0385324e9/value'
[DEBUG] Using open Channel [id: 0x91ee2d5f, L:/127.0.0.1:51641 - R:localhost/127.0.0.1:54001] for POST '/session/4e6f6599390c26fc46498e0ee0db4b5c/element/927f0560-c2ea-489b-aed5-83d0385324e9/value'
[DEBUG] 

Request DefaultHttpRequest(decodeResult: success, version: HTTP/1.1)
POST /session/4e6f6599390c26fc46498e0ee0db4b5c/element/927f0560-c2ea-489b-aed5-83d0385324e9/value HTTP/1.1
User-Agent: selenium/4.2.1 (java windows)
Content-Length: 141
Content-Type: application/json; charset=utf-8
host: localhost:54001
accept: */*

Response DefaultHttpResponse(decodeResult: success, version: HTTP/1.1)
HTTP/1.1 200 OK
Content-Type: application/json; charset=utf-8
cache-control: no-cache
content-length: 14

[DEBUG] Adding key: http://localhost:54001 for channel [id: 0x91ee2d5f, L:/127.0.0.1:51641 - R:localhost/127.0.0.1:54001]
[DEBUG] Using pooled Channel '[id: 0x91ee2d5f, L:/127.0.0.1:51641 - R:localhost/127.0.0.1:54001]' for 'POST' to 'http://localhost:54001/session/4e6f6599390c26fc46498e0ee0db4b5c/element'
[DEBUG] Using open Channel [id: 0x91ee2d5f, L:/127.0.0.1:51641 - R:localhost/127.0.0.1:54001] for POST '/session/4e6f6599390c26fc46498e0ee0db4b5c/element'
[DEBUG] 

Request DefaultHttpRequest(decodeResult: success, version: HTTP/1.1)
POST /session/4e6f6599390c26fc46498e0ee0db4b5c/element HTTP/1.1
User-Agent: selenium/4.2.1 (java windows)
Content-Length: 70
Content-Type: application/json; charset=utf-8
host: localhost:54001
accept: */*

Response DefaultHttpResponse(decodeResult: success, version: HTTP/1.1)
HTTP/1.1 200 OK
Content-Type: application/json; charset=utf-8
cache-control: no-cache
content-length: 88

[DEBUG] Adding key: http://localhost:54001 for channel [id: 0x91ee2d5f, L:/127.0.0.1:51641 - R:localhost/127.0.0.1:54001]
[DEBUG] Using pooled Channel '[id: 0x91ee2d5f, L:/127.0.0.1:51641 - R:localhost/127.0.0.1:54001]' for 'POST' to 'http://localhost:54001/session/4e6f6599390c26fc46498e0ee0db4b5c/element/f47d8293-f11e-4b67-b020-4bc39ea58cb7/value'
[DEBUG] Using open Channel [id: 0x91ee2d5f, L:/127.0.0.1:51641 - R:localhost/127.0.0.1:54001] for POST '/session/4e6f6599390c26fc46498e0ee0db4b5c/element/f47d8293-f11e-4b67-b020-4bc39ea58cb7/value'
[DEBUG] 

Request DefaultHttpRequest(decodeResult: success, version: HTTP/1.1)
POST /session/4e6f6599390c26fc46498e0ee0db4b5c/element/f47d8293-f11e-4b67-b020-4bc39ea58cb7/value HTTP/1.1
User-Agent: selenium/4.2.1 (java windows)
Content-Length: 131
Content-Type: application/json; charset=utf-8
host: localhost:54001
accept: */*

Response DefaultHttpResponse(decodeResult: success, version: HTTP/1.1)
HTTP/1.1 200 OK
Content-Type: application/json; charset=utf-8
cache-control: no-cache
content-length: 14

[DEBUG] Adding key: http://localhost:54001 for channel [id: 0x91ee2d5f, L:/127.0.0.1:51641 - R:localhost/127.0.0.1:54001]
[DEBUG] Using pooled Channel '[id: 0x91ee2d5f, L:/127.0.0.1:51641 - R:localhost/127.0.0.1:54001]' for 'POST' to 'http://localhost:54001/session/4e6f6599390c26fc46498e0ee0db4b5c/element'
[DEBUG] Using open Channel [id: 0x91ee2d5f, L:/127.0.0.1:51641 - R:localhost/127.0.0.1:54001] for POST '/session/4e6f6599390c26fc46498e0ee0db4b5c/element'
[DEBUG] 

Request DefaultHttpRequest(decodeResult: success, version: HTTP/1.1)
POST /session/4e6f6599390c26fc46498e0ee0db4b5c/element HTTP/1.1
User-Agent: selenium/4.2.1 (java windows)
Content-Length: 58
Content-Type: application/json; charset=utf-8
host: localhost:54001
accept: */*

Response DefaultHttpResponse(decodeResult: success, version: HTTP/1.1)
HTTP/1.1 200 OK
Content-Type: application/json; charset=utf-8
cache-control: no-cache
content-length: 88

[DEBUG] Adding key: http://localhost:54001 for channel [id: 0x91ee2d5f, L:/127.0.0.1:51641 - R:localhost/127.0.0.1:54001]
[DEBUG] Using pooled Channel '[id: 0x91ee2d5f, L:/127.0.0.1:51641 - R:localhost/127.0.0.1:54001]' for 'POST' to 'http://localhost:54001/session/4e6f6599390c26fc46498e0ee0db4b5c/element/50f18c6a-76ce-44b7-a983-056e7dcd4100/click'
[DEBUG] Using open Channel [id: 0x91ee2d5f, L:/127.0.0.1:51641 - R:localhost/127.0.0.1:54001] for POST '/session/4e6f6599390c26fc46498e0ee0db4b5c/element/50f18c6a-76ce-44b7-a983-056e7dcd4100/click'
[DEBUG] 

Request DefaultHttpRequest(decodeResult: success, version: HTTP/1.1)
POST /session/4e6f6599390c26fc46498e0ee0db4b5c/element/50f18c6a-76ce-44b7-a983-056e7dcd4100/click HTTP/1.1
User-Agent: selenium/4.2.1 (java windows)
Content-Length: 50
Content-Type: application/json; charset=utf-8
host: localhost:54001
accept: */*

Response DefaultHttpResponse(decodeResult: success, version: HTTP/1.1)
HTTP/1.1 200 OK
Content-Type: application/json; charset=utf-8
cache-control: no-cache
content-length: 14

[DEBUG] Adding key: http://localhost:54001 for channel [id: 0x91ee2d5f, L:/127.0.0.1:51641 - R:localhost/127.0.0.1:54001]
[DEBUG] Using pooled Channel '[id: 0x91ee2d5f, L:/127.0.0.1:51641 - R:localhost/127.0.0.1:54001]' for 'POST' to 'http://localhost:54001/session/4e6f6599390c26fc46498e0ee0db4b5c/element'
[DEBUG] Using open Channel [id: 0x91ee2d5f, L:/127.0.0.1:51641 - R:localhost/127.0.0.1:54001] for POST '/session/4e6f6599390c26fc46498e0ee0db4b5c/element'
[DEBUG] 

Request DefaultHttpRequest(decodeResult: success, version: HTTP/1.1)
POST /session/4e6f6599390c26fc46498e0ee0db4b5c/element HTTP/1.1
User-Agent: selenium/4.2.1 (java windows)
Content-Length: 73
Content-Type: application/json; charset=utf-8
host: localhost:54001
accept: */*

Response DefaultHttpResponse(decodeResult: success, version: HTTP/1.1)
HTTP/1.1 200 OK
Content-Type: application/json; charset=utf-8
cache-control: no-cache
content-length: 88

[DEBUG] Adding key: http://localhost:54001 for channel [id: 0x91ee2d5f, L:/127.0.0.1:51641 - R:localhost/127.0.0.1:54001]
[DEBUG] Using pooled Channel '[id: 0x91ee2d5f, L:/127.0.0.1:51641 - R:localhost/127.0.0.1:54001]' for 'POST' to 'http://localhost:54001/session/4e6f6599390c26fc46498e0ee0db4b5c/element/b89801ac-a166-4dc3-a2e9-fb0f1e70d070/value'
[DEBUG] Using open Channel [id: 0x91ee2d5f, L:/127.0.0.1:51641 - R:localhost/127.0.0.1:54001] for POST '/session/4e6f6599390c26fc46498e0ee0db4b5c/element/b89801ac-a166-4dc3-a2e9-fb0f1e70d070/value'
[DEBUG] 

Request DefaultHttpRequest(decodeResult: success, version: HTTP/1.1)
POST /session/4e6f6599390c26fc46498e0ee0db4b5c/element/b89801ac-a166-4dc3-a2e9-fb0f1e70d070/value HTTP/1.1
User-Agent: selenium/4.2.1 (java windows)
Content-Length: 191
Content-Type: application/json; charset=utf-8
host: localhost:54001
accept: */*

Response DefaultHttpResponse(decodeResult: success, version: HTTP/1.1)
HTTP/1.1 200 OK
Content-Type: application/json; charset=utf-8
cache-control: no-cache
content-length: 14

[DEBUG] Adding key: http://localhost:54001 for channel [id: 0x91ee2d5f, L:/127.0.0.1:51641 - R:localhost/127.0.0.1:54001]
[DEBUG] Using pooled Channel '[id: 0x91ee2d5f, L:/127.0.0.1:51641 - R:localhost/127.0.0.1:54001]' for 'POST' to 'http://localhost:54001/session/4e6f6599390c26fc46498e0ee0db4b5c/element'
[DEBUG] Using open Channel [id: 0x91ee2d5f, L:/127.0.0.1:51641 - R:localhost/127.0.0.1:54001] for POST '/session/4e6f6599390c26fc46498e0ee0db4b5c/element'
[DEBUG] 

Request DefaultHttpRequest(decodeResult: success, version: HTTP/1.1)
POST /session/4e6f6599390c26fc46498e0ee0db4b5c/element HTTP/1.1
User-Agent: selenium/4.2.1 (java windows)
Content-Length: 69
Content-Type: application/json; charset=utf-8
host: localhost:54001
accept: */*

Response DefaultHttpResponse(decodeResult: success, version: HTTP/1.1)
HTTP/1.1 200 OK
Content-Type: application/json; charset=utf-8
cache-control: no-cache
content-length: 88

[DEBUG] Adding key: http://localhost:54001 for channel [id: 0x91ee2d5f, L:/127.0.0.1:51641 - R:localhost/127.0.0.1:54001]
[DEBUG] Using pooled Channel '[id: 0x91ee2d5f, L:/127.0.0.1:51641 - R:localhost/127.0.0.1:54001]' for 'POST' to 'http://localhost:54001/session/4e6f6599390c26fc46498e0ee0db4b5c/element/b17d66c7-8aa8-4afc-9446-55adc7e10208/value'
[DEBUG] Using open Channel [id: 0x91ee2d5f, L:/127.0.0.1:51641 - R:localhost/127.0.0.1:54001] for POST '/session/4e6f6599390c26fc46498e0ee0db4b5c/element/b17d66c7-8aa8-4afc-9446-55adc7e10208/value'
[DEBUG] 

Request DefaultHttpRequest(decodeResult: success, version: HTTP/1.1)
POST /session/4e6f6599390c26fc46498e0ee0db4b5c/element/b17d66c7-8aa8-4afc-9446-55adc7e10208/value HTTP/1.1
User-Agent: selenium/4.2.1 (java windows)
Content-Length: 181
Content-Type: application/json; charset=utf-8
host: localhost:54001
accept: */*

Response DefaultHttpResponse(decodeResult: success, version: HTTP/1.1)
HTTP/1.1 200 OK
Content-Type: application/json; charset=utf-8
cache-control: no-cache
content-length: 14

[DEBUG] Adding key: http://localhost:54001 for channel [id: 0x91ee2d5f, L:/127.0.0.1:51641 - R:localhost/127.0.0.1:54001]
[DEBUG] Using pooled Channel '[id: 0x91ee2d5f, L:/127.0.0.1:51641 - R:localhost/127.0.0.1:54001]' for 'POST' to 'http://localhost:54001/session/4e6f6599390c26fc46498e0ee0db4b5c/element'
[DEBUG] Using open Channel [id: 0x91ee2d5f, L:/127.0.0.1:51641 - R:localhost/127.0.0.1:54001] for POST '/session/4e6f6599390c26fc46498e0ee0db4b5c/element'
[DEBUG] 

Request DefaultHttpRequest(decodeResult: success, version: HTTP/1.1)
POST /session/4e6f6599390c26fc46498e0ee0db4b5c/element HTTP/1.1
User-Agent: selenium/4.2.1 (java windows)
Content-Length: 77
Content-Type: application/json; charset=utf-8
host: localhost:54001
accept: */*

Response DefaultHttpResponse(decodeResult: success, version: HTTP/1.1)
HTTP/1.1 200 OK
Content-Type: application/json; charset=utf-8
cache-control: no-cache
content-length: 88

[DEBUG] Adding key: http://localhost:54001 for channel [id: 0x91ee2d5f, L:/127.0.0.1:51641 - R:localhost/127.0.0.1:54001]
[DEBUG] Using pooled Channel '[id: 0x91ee2d5f, L:/127.0.0.1:51641 - R:localhost/127.0.0.1:54001]' for 'POST' to 'http://localhost:54001/session/4e6f6599390c26fc46498e0ee0db4b5c/element/b0673b4e-02d7-4e65-87f2-77fb770f2902/value'
[DEBUG] Using open Channel [id: 0x91ee2d5f, L:/127.0.0.1:51641 - R:localhost/127.0.0.1:54001] for POST '/session/4e6f6599390c26fc46498e0ee0db4b5c/element/b0673b4e-02d7-4e65-87f2-77fb770f2902/value'
[DEBUG] Entry count for : http://localhost:51642 : 1
[DEBUG] 

Request DefaultHttpRequest(decodeResult: success, version: HTTP/1.1)
POST /session/4e6f6599390c26fc46498e0ee0db4b5c/element/b0673b4e-02d7-4e65-87f2-77fb770f2902/value HTTP/1.1
User-Agent: selenium/4.2.1 (java windows)
Content-Length: 211
Content-Type: application/json; charset=utf-8
host: localhost:54001
accept: */*

Response DefaultHttpResponse(decodeResult: success, version: HTTP/1.1)
HTTP/1.1 200 OK
Content-Type: application/json; charset=utf-8
cache-control: no-cache
content-length: 14

[DEBUG] Adding key: http://localhost:54001 for channel [id: 0x91ee2d5f, L:/127.0.0.1:51641 - R:localhost/127.0.0.1:54001]
[DEBUG] Using pooled Channel '[id: 0x91ee2d5f, L:/127.0.0.1:51641 - R:localhost/127.0.0.1:54001]' for 'POST' to 'http://localhost:54001/session/4e6f6599390c26fc46498e0ee0db4b5c/element'
[DEBUG] Using open Channel [id: 0x91ee2d5f, L:/127.0.0.1:51641 - R:localhost/127.0.0.1:54001] for POST '/session/4e6f6599390c26fc46498e0ee0db4b5c/element'
[DEBUG] 

Request DefaultHttpRequest(decodeResult: success, version: HTTP/1.1)
POST /session/4e6f6599390c26fc46498e0ee0db4b5c/element HTTP/1.1
User-Agent: selenium/4.2.1 (java windows)
Content-Length: 66
Content-Type: application/json; charset=utf-8
host: localhost:54001
accept: */*

Response DefaultHttpResponse(decodeResult: success, version: HTTP/1.1)
HTTP/1.1 200 OK
Content-Type: application/json; charset=utf-8
cache-control: no-cache
content-length: 88

[DEBUG] Adding key: http://localhost:54001 for channel [id: 0x91ee2d5f, L:/127.0.0.1:51641 - R:localhost/127.0.0.1:54001]
[DEBUG] Using pooled Channel '[id: 0x91ee2d5f, L:/127.0.0.1:51641 - R:localhost/127.0.0.1:54001]' for 'GET' to 'http://localhost:54001/session/4e6f6599390c26fc46498e0ee0db4b5c/element/9c4e463c-70de-4a8e-8fc7-8ddd72da8767/name'
[DEBUG] Using open Channel [id: 0x91ee2d5f, L:/127.0.0.1:51641 - R:localhost/127.0.0.1:54001] for GET '/session/4e6f6599390c26fc46498e0ee0db4b5c/element/9c4e463c-70de-4a8e-8fc7-8ddd72da8767/name'
[DEBUG] 

Request DefaultFullHttpRequest(decodeResult: success, version: HTTP/1.1, content: EmptyByteBufBE)
GET /session/4e6f6599390c26fc46498e0ee0db4b5c/element/9c4e463c-70de-4a8e-8fc7-8ddd72da8767/name HTTP/1.1
User-Agent: selenium/4.2.1 (java windows)
Cache-Control: no-cache
Content-Type: application/json; charset=utf-8
host: localhost:54001
accept: */*

Response DefaultHttpResponse(decodeResult: success, version: HTTP/1.1)
HTTP/1.1 200 OK
Content-Type: application/json; charset=utf-8
cache-control: no-cache
content-length: 18

[DEBUG] Adding key: http://localhost:54001 for channel [id: 0x91ee2d5f, L:/127.0.0.1:51641 - R:localhost/127.0.0.1:54001]
[DEBUG] Using pooled Channel '[id: 0x91ee2d5f, L:/127.0.0.1:51641 - R:localhost/127.0.0.1:54001]' for 'POST' to 'http://localhost:54001/session/4e6f6599390c26fc46498e0ee0db4b5c/element'
[DEBUG] Using open Channel [id: 0x91ee2d5f, L:/127.0.0.1:51641 - R:localhost/127.0.0.1:54001] for POST '/session/4e6f6599390c26fc46498e0ee0db4b5c/element'
[DEBUG] 

Request DefaultHttpRequest(decodeResult: success, version: HTTP/1.1)
POST /session/4e6f6599390c26fc46498e0ee0db4b5c/element HTTP/1.1
User-Agent: selenium/4.2.1 (java windows)
Content-Length: 66
Content-Type: application/json; charset=utf-8
host: localhost:54001
accept: */*

Response DefaultHttpResponse(decodeResult: success, version: HTTP/1.1)
HTTP/1.1 200 OK
Content-Type: application/json; charset=utf-8
cache-control: no-cache
content-length: 88

[DEBUG] Adding key: http://localhost:54001 for channel [id: 0x91ee2d5f, L:/127.0.0.1:51641 - R:localhost/127.0.0.1:54001]
[DEBUG] Using pooled Channel '[id: 0x91ee2d5f, L:/127.0.0.1:51641 - R:localhost/127.0.0.1:54001]' for 'GET' to 'http://localhost:54001/session/4e6f6599390c26fc46498e0ee0db4b5c/element/9c4e463c-70de-4a8e-8fc7-8ddd72da8767/attribute/multiple'
[DEBUG] Using open Channel [id: 0x91ee2d5f, L:/127.0.0.1:51641 - R:localhost/127.0.0.1:54001] for GET '/session/4e6f6599390c26fc46498e0ee0db4b5c/element/9c4e463c-70de-4a8e-8fc7-8ddd72da8767/attribute/multiple'
[DEBUG] 

Request DefaultFullHttpRequest(decodeResult: success, version: HTTP/1.1, content: EmptyByteBufBE)
GET /session/4e6f6599390c26fc46498e0ee0db4b5c/element/9c4e463c-70de-4a8e-8fc7-8ddd72da8767/attribute/multiple HTTP/1.1
User-Agent: selenium/4.2.1 (java windows)
Cache-Control: no-cache
Content-Type: application/json; charset=utf-8
host: localhost:54001
accept: */*

Response DefaultHttpResponse(decodeResult: success, version: HTTP/1.1)
HTTP/1.1 200 OK
Content-Type: application/json; charset=utf-8
cache-control: no-cache
content-length: 14

[DEBUG] Adding key: http://localhost:54001 for channel [id: 0x91ee2d5f, L:/127.0.0.1:51641 - R:localhost/127.0.0.1:54001]
[DEBUG] Using pooled Channel '[id: 0x91ee2d5f, L:/127.0.0.1:51641 - R:localhost/127.0.0.1:54001]' for 'POST' to 'http://localhost:54001/session/4e6f6599390c26fc46498e0ee0db4b5c/element'
[DEBUG] Using open Channel [id: 0x91ee2d5f, L:/127.0.0.1:51641 - R:localhost/127.0.0.1:54001] for POST '/session/4e6f6599390c26fc46498e0ee0db4b5c/element'
[DEBUG] 

Request DefaultHttpRequest(decodeResult: success, version: HTTP/1.1)
POST /session/4e6f6599390c26fc46498e0ee0db4b5c/element HTTP/1.1
User-Agent: selenium/4.2.1 (java windows)
Content-Length: 66
Content-Type: application/json; charset=utf-8
host: localhost:54001
accept: */*

Response DefaultHttpResponse(decodeResult: success, version: HTTP/1.1)
HTTP/1.1 200 OK
Content-Type: application/json; charset=utf-8
cache-control: no-cache
content-length: 88

[DEBUG] Adding key: http://localhost:54001 for channel [id: 0x91ee2d5f, L:/127.0.0.1:51641 - R:localhost/127.0.0.1:54001]
[DEBUG] Using pooled Channel '[id: 0x91ee2d5f, L:/127.0.0.1:51641 - R:localhost/127.0.0.1:54001]' for 'POST' to 'http://localhost:54001/session/4e6f6599390c26fc46498e0ee0db4b5c/element/9c4e463c-70de-4a8e-8fc7-8ddd72da8767/elements'
[DEBUG] Using open Channel [id: 0x91ee2d5f, L:/127.0.0.1:51641 - R:localhost/127.0.0.1:54001] for POST '/session/4e6f6599390c26fc46498e0ee0db4b5c/element/9c4e463c-70de-4a8e-8fc7-8ddd72da8767/elements'
[DEBUG] 

Request DefaultHttpRequest(decodeResult: success, version: HTTP/1.1)
POST /session/4e6f6599390c26fc46498e0ee0db4b5c/element/9c4e463c-70de-4a8e-8fc7-8ddd72da8767/elements HTTP/1.1
User-Agent: selenium/4.2.1 (java windows)
Content-Length: 139
Content-Type: application/json; charset=utf-8
host: localhost:54001
accept: */*

Response DefaultHttpResponse(decodeResult: success, version: HTTP/1.1)
HTTP/1.1 200 OK
Content-Type: application/json; charset=utf-8
cache-control: no-cache
content-length: 90

[DEBUG] Adding key: http://localhost:54001 for channel [id: 0x91ee2d5f, L:/127.0.0.1:51641 - R:localhost/127.0.0.1:54001]
[DEBUG] Using pooled Channel '[id: 0x91ee2d5f, L:/127.0.0.1:51641 - R:localhost/127.0.0.1:54001]' for 'GET' to 'http://localhost:54001/session/4e6f6599390c26fc46498e0ee0db4b5c/element/acc097b8-f05b-45bd-bf21-97d8937a4fc8/selected'
[DEBUG] Using open Channel [id: 0x91ee2d5f, L:/127.0.0.1:51641 - R:localhost/127.0.0.1:54001] for GET '/session/4e6f6599390c26fc46498e0ee0db4b5c/element/acc097b8-f05b-45bd-bf21-97d8937a4fc8/selected'
[DEBUG] 

Request DefaultFullHttpRequest(decodeResult: success, version: HTTP/1.1, content: EmptyByteBufBE)
GET /session/4e6f6599390c26fc46498e0ee0db4b5c/element/acc097b8-f05b-45bd-bf21-97d8937a4fc8/selected HTTP/1.1
User-Agent: selenium/4.2.1 (java windows)
Cache-Control: no-cache
Content-Type: application/json; charset=utf-8
host: localhost:54001
accept: */*

Response DefaultHttpResponse(decodeResult: success, version: HTTP/1.1)
HTTP/1.1 200 OK
Content-Type: application/json; charset=utf-8
cache-control: no-cache
content-length: 15

[DEBUG] Adding key: http://localhost:54001 for channel [id: 0x91ee2d5f, L:/127.0.0.1:51641 - R:localhost/127.0.0.1:54001]
[DEBUG] Using pooled Channel '[id: 0x91ee2d5f, L:/127.0.0.1:51641 - R:localhost/127.0.0.1:54001]' for 'POST' to 'http://localhost:54001/session/4e6f6599390c26fc46498e0ee0db4b5c/element/acc097b8-f05b-45bd-bf21-97d8937a4fc8/click'
[DEBUG] Using open Channel [id: 0x91ee2d5f, L:/127.0.0.1:51641 - R:localhost/127.0.0.1:54001] for POST '/session/4e6f6599390c26fc46498e0ee0db4b5c/element/acc097b8-f05b-45bd-bf21-97d8937a4fc8/click'
[DEBUG] 

Request DefaultHttpRequest(decodeResult: success, version: HTTP/1.1)
POST /session/4e6f6599390c26fc46498e0ee0db4b5c/element/acc097b8-f05b-45bd-bf21-97d8937a4fc8/click HTTP/1.1
User-Agent: selenium/4.2.1 (java windows)
Content-Length: 50
Content-Type: application/json; charset=utf-8
host: localhost:54001
accept: */*

Response DefaultHttpResponse(decodeResult: success, version: HTTP/1.1)
HTTP/1.1 200 OK
Content-Type: application/json; charset=utf-8
cache-control: no-cache
content-length: 14

[DEBUG] Adding key: http://localhost:54001 for channel [id: 0x91ee2d5f, L:/127.0.0.1:51641 - R:localhost/127.0.0.1:54001]
[INFO ] 2022-08-10 21:20:39.093 [main] Steps - customer information entered..
[DEBUG] Using pooled Channel '[id: 0x91ee2d5f, L:/127.0.0.1:51641 - R:localhost/127.0.0.1:54001]' for 'POST' to 'http://localhost:54001/session/4e6f6599390c26fc46498e0ee0db4b5c/element'
[DEBUG] Using open Channel [id: 0x91ee2d5f, L:/127.0.0.1:51641 - R:localhost/127.0.0.1:54001] for POST '/session/4e6f6599390c26fc46498e0ee0db4b5c/element'
[DEBUG] 

Request DefaultHttpRequest(decodeResult: success, version: HTTP/1.1)
POST /session/4e6f6599390c26fc46498e0ee0db4b5c/element HTTP/1.1
User-Agent: selenium/4.2.1 (java windows)
Content-Length: 69
Content-Type: application/json; charset=utf-8
host: localhost:54001
accept: */*

Response DefaultHttpResponse(decodeResult: success, version: HTTP/1.1)
HTTP/1.1 200 OK
Content-Type: application/json; charset=utf-8
cache-control: no-cache
content-length: 88

[DEBUG] Adding key: http://localhost:54001 for channel [id: 0x91ee2d5f, L:/127.0.0.1:51641 - R:localhost/127.0.0.1:54001]
[DEBUG] Using pooled Channel '[id: 0x91ee2d5f, L:/127.0.0.1:51641 - R:localhost/127.0.0.1:54001]' for 'POST' to 'http://localhost:54001/session/4e6f6599390c26fc46498e0ee0db4b5c/element/102336bd-a28c-4da4-be54-68b57a8d41ce/click'
[DEBUG] Using open Channel [id: 0x91ee2d5f, L:/127.0.0.1:51641 - R:localhost/127.0.0.1:54001] for POST '/session/4e6f6599390c26fc46498e0ee0db4b5c/element/102336bd-a28c-4da4-be54-68b57a8d41ce/click'
[DEBUG] Entry count for : http://localhost:51642 : 1
[DEBUG] Entry count for : http://localhost:51642 : 1
[DEBUG] 

Request DefaultHttpRequest(decodeResult: success, version: HTTP/1.1)
POST /session/4e6f6599390c26fc46498e0ee0db4b5c/element/102336bd-a28c-4da4-be54-68b57a8d41ce/click HTTP/1.1
User-Agent: selenium/4.2.1 (java windows)
Content-Length: 50
Content-Type: application/json; charset=utf-8
host: localhost:54001
accept: */*

Response DefaultHttpResponse(decodeResult: success, version: HTTP/1.1)
HTTP/1.1 200 OK
Content-Type: application/json; charset=utf-8
cache-control: no-cache
content-length: 14

[DEBUG] Adding key: http://localhost:54001 for channel [id: 0x91ee2d5f, L:/127.0.0.1:51641 - R:localhost/127.0.0.1:54001]
[INFO ] 2022-08-10 21:20:41.653 [main] Steps - user clicked on save button..
[DEBUG] Using pooled Channel '[id: 0x91ee2d5f, L:/127.0.0.1:51641 - R:localhost/127.0.0.1:54001]' for 'POST' to 'http://localhost:54001/session/4e6f6599390c26fc46498e0ee0db4b5c/element'
[DEBUG] Using open Channel [id: 0x91ee2d5f, L:/127.0.0.1:51641 - R:localhost/127.0.0.1:54001] for POST '/session/4e6f6599390c26fc46498e0ee0db4b5c/element'
[DEBUG] 

Request DefaultHttpRequest(decodeResult: success, version: HTTP/1.1)
POST /session/4e6f6599390c26fc46498e0ee0db4b5c/element HTTP/1.1
User-Agent: selenium/4.2.1 (java windows)
Content-Length: 44
Content-Type: application/json; charset=utf-8
host: localhost:54001
accept: */*

Response DefaultHttpResponse(decodeResult: success, version: HTTP/1.1)
HTTP/1.1 200 OK
Content-Type: application/json; charset=utf-8
cache-control: no-cache
content-length: 88

[DEBUG] Adding key: http://localhost:54001 for channel [id: 0x91ee2d5f, L:/127.0.0.1:51641 - R:localhost/127.0.0.1:54001]
[DEBUG] Using pooled Channel '[id: 0x91ee2d5f, L:/127.0.0.1:51641 - R:localhost/127.0.0.1:54001]' for 'GET' to 'http://localhost:54001/session/4e6f6599390c26fc46498e0ee0db4b5c/element/d040bf4d-66e0-4384-a07b-0e278a57a44c/text'
[DEBUG] Using open Channel [id: 0x91ee2d5f, L:/127.0.0.1:51641 - R:localhost/127.0.0.1:54001] for GET '/session/4e6f6599390c26fc46498e0ee0db4b5c/element/d040bf4d-66e0-4384-a07b-0e278a57a44c/text'
[DEBUG] 

Request DefaultFullHttpRequest(decodeResult: success, version: HTTP/1.1, content: EmptyByteBufBE)
GET /session/4e6f6599390c26fc46498e0ee0db4b5c/element/d040bf4d-66e0-4384-a07b-0e278a57a44c/text HTTP/1.1
User-Agent: selenium/4.2.1 (java windows)
Cache-Control: no-cache
Content-Type: application/json; charset=utf-8
host: localhost:54001
accept: */*

Response DefaultHttpResponse(decodeResult: success, version: HTTP/1.1)
HTTP/1.1 200 OK
Content-Type: application/json; charset=utf-8
cache-control: no-cache
content-length: 804

[DEBUG] Adding key: http://localhost:54001 for channel [id: 0x91ee2d5f, L:/127.0.0.1:51641 - R:localhost/127.0.0.1:54001]
massage is --->  John Smith
Logout
Dashboard
Catalog
Sales
Customers
Customers
Customer roles
Online customers
Vendors
Activity log
Activity Types
GDPR requests (log)
Promotions
Content management
Configuration
System
Reports
Help
×
The new customer has been added successfully.
Customers
Add new
Export
  Search
Email
First name
Last name
Date of birth
Month
1
2
3
4
5
6
7
8
9
10
11
12
Day
1
2
3
4
5
6
7
8
9
10
11
12
13
14
15
16
17
18
19
20
21
22
23
24
25
26
27
28
29
30
31
Company
IP address
Customer roles
Registered
Search
Learn more about customers
Email Name Customer roles Company name Active Edit
Show
7
15
20
50
100
items
Powered by nopCommerce
Wednesday, August 10, 2022 10:50 AM
nopCommerce version 4.50.0
[INFO ] 2022-08-10 21:20:41.883 [main] Steps - User can view confirmation message - passed
[DEBUG] Using pooled Channel '[id: 0x91ee2d5f, L:/127.0.0.1:51641 - R:localhost/127.0.0.1:54001]' for 'DELETE' to 'http://localhost:54001/session/4e6f6599390c26fc46498e0ee0db4b5c/window'
[DEBUG] Using open Channel [id: 0x91ee2d5f, L:/127.0.0.1:51641 - R:localhost/127.0.0.1:54001] for DELETE '/session/4e6f6599390c26fc46498e0ee0db4b5c/window'
[DEBUG] Unexpected I/O exception on channel [id: 0x679bdffe, L:/127.0.0.1:51649 - R:localhost/127.0.0.1:51642]
[...]
[DEBUG] Using open Channel [id: 0x205a146f, L:/127.0.0.1:51747 - R:localhost/127.0.0.1:61686] for POST '/session/73872b799f8463e3c7c50218e1f71a94/element'
[DEBUG] Entry count for : http://localhost:51749 : 1
[DEBUG] 

Request DefaultHttpRequest(decodeResult: success, version: HTTP/1.1)
POST /session/73872b799f8463e3c7c50218e1f71a94/element HTTP/1.1
User-Agent: selenium/4.2.1 (java windows)
Content-Length: 87
Content-Type: application/json; charset=utf-8
host: localhost:61686
accept: */*

Response DefaultHttpResponse(decodeResult: success, version: HTTP/1.1)
HTTP/1.1 200 OK
Content-Type: application/json; charset=utf-8
cache-control: no-cache
content-length: 88

[DEBUG] Adding key: http://localhost:61686 for channel [id: 0x205a146f, L:/127.0.0.1:51747 - R:localhost/127.0.0.1:61686]
[DEBUG] Using pooled Channel '[id: 0x205a146f, L:/127.0.0.1:51747 - R:localhost/127.0.0.1:61686]' for 'POST' to 'http://localhost:61686/session/73872b799f8463e3c7c50218e1f71a94/element/1d847b17-646a-4117-a33f-fc3877773821/click'
[DEBUG] Using open Channel [id: 0x205a146f, L:/127.0.0.1:51747 - R:localhost/127.0.0.1:61686] for POST '/session/73872b799f8463e3c7c50218e1f71a94/element/1d847b17-646a-4117-a33f-fc3877773821/click'
[DEBUG] Entry count for : http://localhost:51749 : 1
[DEBUG] Entry count for : http://localhost:51749 : 1
[DEBUG] Entry count for : http://localhost:51749 : 1
[DEBUG] Entry count for : http://localhost:51749 : 1
[DEBUG] 

Request DefaultHttpRequest(decodeResult: success, version: HTTP/1.1)
POST /session/73872b799f8463e3c7c50218e1f71a94/element/1d847b17-646a-4117-a33f-fc3877773821/click HTTP/1.1
User-Agent: selenium/4.2.1 (java windows)
Content-Length: 50
Content-Type: application/json; charset=utf-8
host: localhost:61686
accept: */*

Response DefaultHttpResponse(decodeResult: success, version: HTTP/1.1)
HTTP/1.1 200 OK
Content-Type: application/json; charset=utf-8
cache-control: no-cache
content-length: 14

[DEBUG] Adding key: http://localhost:61686 for channel [id: 0x205a146f, L:/127.0.0.1:51747 - R:localhost/127.0.0.1:61686]
[INFO ] 2022-08-10 21:21:23.120 [main] Steps - login button clicked
[DEBUG] Using pooled Channel '[id: 0x205a146f, L:/127.0.0.1:51747 - R:localhost/127.0.0.1:61686]' for 'GET' to 'http://localhost:61686/session/73872b799f8463e3c7c50218e1f71a94/title'
[DEBUG] Using open Channel [id: 0x205a146f, L:/127.0.0.1:51747 - R:localhost/127.0.0.1:61686] for GET '/session/73872b799f8463e3c7c50218e1f71a94/title'
[DEBUG] 

Request DefaultFullHttpRequest(decodeResult: success, version: HTTP/1.1, content: EmptyByteBufBE)
GET /session/73872b799f8463e3c7c50218e1f71a94/title HTTP/1.1
User-Agent: selenium/4.2.1 (java windows)
Cache-Control: no-cache
Content-Type: application/json; charset=utf-8
host: localhost:61686
accept: */*

Response DefaultHttpResponse(decodeResult: success, version: HTTP/1.1)
HTTP/1.1 200 OK
Content-Type: application/json; charset=utf-8
cache-control: no-cache
content-length: 50

[DEBUG] Adding key: http://localhost:61686 for channel [id: 0x205a146f, L:/127.0.0.1:51747 - R:localhost/127.0.0.1:61686]
[WARN ] 2022-08-10 21:21:23.138 [main] Steps - Test passed: Login feature :Page title matched.
[DEBUG] Using pooled Channel '[id: 0x205a146f, L:/127.0.0.1:51747 - R:localhost/127.0.0.1:61686]' for 'POST' to 'http://localhost:61686/session/73872b799f8463e3c7c50218e1f71a94/element'
[DEBUG] Using open Channel [id: 0x205a146f, L:/127.0.0.1:51747 - R:localhost/127.0.0.1:61686] for POST '/session/73872b799f8463e3c7c50218e1f71a94/element'
[DEBUG] 

Request DefaultHttpRequest(decodeResult: success, version: HTTP/1.1)
POST /session/73872b799f8463e3c7c50218e1f71a94/element HTTP/1.1
User-Agent: selenium/4.2.1 (java windows)
Content-Length: 47
Content-Type: application/json; charset=utf-8
host: localhost:61686
accept: */*

Response DefaultHttpResponse(decodeResult: success, version: HTTP/1.1)
HTTP/1.1 200 OK
Content-Type: application/json; charset=utf-8
cache-control: no-cache
content-length: 88

[DEBUG] Adding key: http://localhost:61686 for channel [id: 0x205a146f, L:/127.0.0.1:51747 - R:localhost/127.0.0.1:61686]
[DEBUG] Using pooled Channel '[id: 0x205a146f, L:/127.0.0.1:51747 - R:localhost/127.0.0.1:61686]' for 'POST' to 'http://localhost:61686/session/73872b799f8463e3c7c50218e1f71a94/element/ca7defbe-af9e-462a-bd20-866dbaa9e611/click'
[DEBUG] Using open Channel [id: 0x205a146f, L:/127.0.0.1:51747 - R:localhost/127.0.0.1:61686] for POST '/session/73872b799f8463e3c7c50218e1f71a94/element/ca7defbe-af9e-462a-bd20-866dbaa9e611/click'
[DEBUG] Entry count for : http://localhost:51749 : 1
[DEBUG] 

Request DefaultHttpRequest(decodeResult: success, version: HTTP/1.1)
POST /session/73872b799f8463e3c7c50218e1f71a94/element/ca7defbe-af9e-462a-bd20-866dbaa9e611/click HTTP/1.1
User-Agent: selenium/4.2.1 (java windows)
Content-Length: 50
Content-Type: application/json; charset=utf-8
host: localhost:61686
accept: */*

Response DefaultHttpResponse(decodeResult: success, version: HTTP/1.1)
HTTP/1.1 400 Bad Request
Content-Type: application/json; charset=utf-8
cache-control: no-cache
content-length: 1296

[DEBUG] Adding key: http://localhost:61686 for channel [id: 0x205a146f, L:/127.0.0.1:51747 - R:localhost/127.0.0.1:61686]

Scenario: Add New Customer                                                               # Features/AddCustomer.feature:10
  Given User Launch Chrome browser                                                       # Stepdefinitions.Steps.user_launch_chrome_browser()
  When User opens URL "http://admin-demo.nopcommerce.com/login"                          # Stepdefinitions.Steps.user_opens_url(java.lang.String)
  And User enters Email as "admin@yourstore.com" and Password as "admin"                 # Stepdefinitions.Steps.user_enters_email_as_and_password_as(java.lang.String,java.lang.String)
  And Click on Login                                                                     # Stepdefinitions.Steps.click_on_login()
  Then User can view Dashboad                                                            # Stepdefinitions.Steps.user_can_view_dashboad()
  When User click on customers Menu                                                      # Stepdefinitions.Steps.user_click_on_customers_menu()
  And click on customers Menu Item                                                       # Stepdefinitions.Steps.click_on_customers_menu_item()
  And click on Add new button                                                            # Stepdefinitions.Steps.click_on_add_new_button()
  Then User can view Add new customer page                                               # Stepdefinitions.Steps.user_can_view_add_new_customer_page()
  When User enter customer info                                                          # Stepdefinitions.Steps.user_enter_customer_info()
  And click on Save button                                                               # Stepdefinitions.Steps.click_on_save_button()
  Then User can view confirmation message "The new customer has been added successfully" # Stepdefinitions.Steps.user_can_view_confirmation_message(java.lang.String)
  And close browser                                                                      # Stepdefinitions.Close.close_browser()

Scenario: Search Customer by Email                                       # Features/AddCustomer.feature:21
  Given User Launch Chrome browser                                       # Stepdefinitions.Steps.user_launch_chrome_browser()
  When User opens URL "http://admin-demo.nopcommerce.com/login"          # Stepdefinitions.Steps.user_opens_url(java.lang.String)
  And User enters Email as "admin@yourstore.com" and Password as "admin" # Stepdefinitions.Steps.user_enters_email_as_and_password_as(java.lang.String,java.lang.String)
  And Click on Login                                                     # Stepdefinitions.Steps.click_on_login()
  Then User can view Dashboad                                            # Stepdefinitions.Steps.user_can_view_dashboad()
  When User click on customers Menu                                      # Stepdefinitions.Steps.user_click_on_customers_menu()
  And click on customers Menu Item                                       # Stepdefinitions.Steps.click_on_customers_menu_item()
  And Enter customer EMail                                               # Stepdefinitions.Steps.enter_customer_e_mail()
  When Click on search button                                            # Stepdefinitions.Steps.click_on_search_button()
  Then User should found Email in the Search table                       # Stepdefinitions.Steps.user_should_found_email_in_the_search_table()
  And close browser                                                      # Stepdefinitions.Close.close_browser()

@sanity
Scenario: Search Customer by Name                                        # Features/AddCustomer.feature:30
  Given User Launch Chrome browser                                       # Stepdefinitions.Steps.user_launch_chrome_browser()
  When User opens URL "http://admin-demo.nopcommerce.com/login"          # Stepdefinitions.Steps.user_opens_url(java.lang.String)
  And User enters Email as "admin@yourstore.com" and Password as "admin" # Stepdefinitions.Steps.user_enters_email_as_and_password_as(java.lang.String,java.lang.String)
  And Click on Login                                                     # Stepdefinitions.Steps.click_on_login()
  Then User can view Dashboad                                            # Stepdefinitions.Steps.user_can_view_dashboad()
  When User click on customers Menu                                      # Stepdefinitions.Steps.user_click_on_customers_menu()
  And click on customers Menu Item                                       # Stepdefinitions.Steps.click_on_customers_menu_item()
  And Enter customer FirstName                                           # Stepdefinitions.Steps.enter_customer_first_name()
  And Enter customer LastName                                            # Stepdefinitions.Steps.enter_customer_last_name()
  When Click on search button                                            # Stepdefinitions.Steps.click_on_search_button()
  Then User should found Name in the Search table                        # Stepdefinitions.Steps.user_should_found_name_in_the_search_table()
  And close browser                                                      # Stepdefinitions.Close.close_browser()

@sanity
Scenario: Successful Login with Valid Credentials                        # Features/Login.feature:4
  Given User Launch Chrome browser                                       # Stepdefinitions.Steps.user_launch_chrome_browser()
  When User opens URL "http://admin-demo.nopcommerce.com/login"          # Stepdefinitions.Steps.user_opens_url(java.lang.String)
  And User enters Email as "admin@yourstore.com" and Password as "admin" # Stepdefinitions.Steps.user_enters_email_as_and_password_as(java.lang.String,java.lang.String)
  And Click on Login                                                     # Stepdefinitions.Steps.click_on_login()
  Then Page Title should be "Dashboard / nopCommerce administration"     # Stepdefinitions.Steps.page_title_should_be(java.lang.String)
  When User click on Log out link                                        # Stepdefinitions.Steps.user_click_on_log_out_link()
  Then Page Title should be "Your store. Login"                          # Stepdefinitions.Steps.page_title_should_be(java.lang.String)
  And close browser                                                      # Stepdefinitions.Close.close_browser()

@regression
Scenario Outline: Successful Login with Valid Credentials DDT            # Features/Login.feature:26
  Given User Launch Chrome browser                                       # Stepdefinitions.Steps.user_launch_chrome_browser()
  When User opens URL "http://admin-demo.nopcommerce.com/login"          # Stepdefinitions.Steps.user_opens_url(java.lang.String)
  And User enters Email as "admin@yourstore.com" and Password as "admin" # Stepdefinitions.Steps.user_enters_email_as_and_password_as(java.lang.String,java.lang.String)
  And Click on Login                                                     # Stepdefinitions.Steps.click_on_login()
  Then Page Title should be "Dashboard / nopCommerce administration"     # Stepdefinitions.Steps.page_title_should_be(java.lang.String)
  When User click on Log out link                                        # Stepdefinitions.Steps.user_click_on_log_out_link()
      org.openqa.selenium.ElementClickInterceptedException: element click intercepted: Element <a class="nav-link" href="/logout">...</a> is not clickable at point (916, 28). Other element would receive the click: <div id="ajaxBusy" style="display: block;">...</div>
  (Session info: chrome=104.0.5112.81)
Build info: version: '4.2.1', revision: 'ac4d0fdd4a'
System info: host: 'ILD-PUN-LAP-337', ip: '192.168.0.102', os.name: 'Windows 10', os.arch: 'amd64', os.version: '10.0', java.version: '17.0.4'
Driver info: org.openqa.selenium.chrome.ChromeDriver
Command: [73872b799f8463e3c7c50218e1f71a94, clickElement {id=ca7defbe-af9e-462a-bd20-866dbaa9e611}]
Capabilities {acceptInsecureCerts: false, browserName: chrome, browserVersion: 104.0.5112.81, chrome: {chromedriverVersion: 104.0.5112.79 (3cf3e8c8a07d..., userDataDir: C:\Users\Mahesh\AppData\Loc...}, goog:chromeOptions: {debuggerAddress: localhost:51749}, networkC[DEBUG] Using pooled Channel '[id: 0x205a146f, L:/127.0.0.1:51747 - R:localhost/127.0.0.1:61686]' for 'GET' to 'http://localhost:61686/session/73872b799f8463e3c7c50218e1f71a94/screenshot'
[DEBUG] Using open Channel [id: 0x205a146f, L:/127.0.0.1:51747 - R:localhost/127.0.0.1:61686] for GET '/session/73872b799f8463e3c7c50218e1f71a94/screenshot'
[DEBUG] Entry count for : http://localhost:51749 : 1
[DEBUG] 

Request DefaultFullHttpRequest(decodeResult: success, version: HTTP/1.1, content: EmptyByteBufBE)
GET /session/73872b799f8463e3c7c50218e1f71a94/screenshot HTTP/1.1
User-Agent: selenium/4.2.1 (java windows)
Cache-Control: no-cache
Content-Type: application/json; charset=utf-8
host: localhost:61686
accept: */*

Response DefaultHttpResponse(decodeResult: success, version: HTTP/1.1)
HTTP/1.1 200 OK
Content-Type: application/json; charset=utf-8
cache-control: no-cache
content-length: 188956

[DEBUG] Adding key: http://localhost:61686 for channel [id: 0x205a146f, L:/127.0.0.1:51747 - R:localhost/127.0.0.1:61686]
 tear down method executed
[DEBUG] Using pooled Channel '[id: 0x205a146f, L:/127.0.0.1:51747 - R:localhost/127.0.0.1:61686]' for 'GET' to 'http://localhost:61686/session/73872b799f8463e3c7c50218e1f71a94/screenshot'
[DEBUG] Using open Channel [id: 0x205a146f, L:/127.0.0.1:51747 - R:localhost/127.0.0.1:61686] for GET '/session/73872b799f8463e3c7c50218e1f71a94/screenshot'
[DEBUG] 

Request DefaultFullHttpRequest(decodeResult: success, version: HTTP/1.1, content: EmptyByteBufBE)
GET /session/73872b799f8463e3c7c50218e1f71a94/screenshot HTTP/1.1
User-Agent: selenium/4.2.1 (java windows)
Cache-Control: no-cache
Content-Type: application/json; charset=utf-8
host: localhost:61686
accept: */*

Response DefaultHttpResponse(decodeResult: success, version: HTTP/1.1)
HTTP/1.1 200 OK
Content-Type: application/json; charset=utf-8
cache-control: no-cache
content-length: 188924

[DEBUG] Adding key: http://localhost:61686 for channel [id: 0x205a146f, L:/127.0.0.1:51747 - R:localhost/127.0.0.1:61686]
[DEBUG] Using pooled Channel '[id: 0x205a146f, L:/127.0.0.1:51747 - R:localhost/127.0.0.1:61686]' for 'DELETE' to 'http://localhost:61686/session/73872b799f8463e3c7c50218e1f71a94'
[DEBUG] Using open Channel [id: 0x205a146f, L:/127.0.0.1:51747 - R:localhost/127.0.0.1:61686] for DELETE '/session/73872b799f8463e3c7c50218e1f71a94'
[DEBUG] Channel Closed: [id: 0x5977b7cd, L:/127.0.0.1:51756 ! R:localhost/127.0.0.1:51749] with attribute NettyResponseFuture{currentRetry=0,
	isDone=1,
	isCancelled=0,
	asyncHandler=org.asynchttpclient.ws.WebSocketUpgradeHandler@3d2b9046,
	nettyRequest=org.asynchttpclient.netty.request.NettyRequest@5ab4432d,
	future=java.util.concurrent.CompletableFuture@17ce2ff1[Completed normally],
	uri=ws://localhost:51749/devtools/browser/a47fa1a5-e5f3-411f-bcaf-262475afe8b0,
	keepAlive=true,
	redirectCount=0,
	timeoutsHolder=null,
	inAuth=0,
	touch=1660146675607}
[DEBUG] Closing Channel [id: 0x5977b7cd, L:/127.0.0.1:51756 ! R:localhost/127.0.0.1:51749] 
[DEBUG] Unexpected I/O exception on channel [id: 0x2508fac1, L:/127.0.0.1:51755 - R:localhost/127.0.0.1:51749]
java.net.SocketException: Connection reset
	at java.base/sun.nio.ch.SocketChannelImpl.throwConnectionReset(SocketChannelImpl.java:394) ~[na:na]
	at java.base/sun.nio.ch.SocketChannelImpl.read(SocketChannelImpl.java:426) ~[na:na]
	at io.netty.buffer.PooledByteBuf.setBytes(PooledByteBuf.java:258) ~[netty-buffer-4.1.77.Final.jar:4.1.77.Final]
	at io.netty.buffer.AbstractByteBuf.writeBytes(AbstractByteBuf.java:1132) ~[netty-buffer-4.1.77.Final.jar:4.1.77.Final]
	at io.netty.channel.socket.nio.NioSocketChannel.doReadBytes(NioSocketChannel.java:357) ~[netty-transport-4.1.77.Final.jar:4.1.77.Final]
	at io.netty.channel.nio.AbstractNioByteChannel$NioByteUnsafe.read(AbstractNioByteChannel.java:151) ~[netty-transport-4.1.77.Final.jar:4.1.77.Final]
	at io.netty.channel.nio.NioEventLoop.processSelectedKey(NioEventLoop.java:722) ~[netty-transport-4.1.77.Final.jar:4.1.77.Final]
	at io.netty.channel.nio.NioEventLoop.processSelectedKeysOptimized(NioEventLoop.java:658) ~[netty-transport-4.1.77.Final.jar:4.1.77.Final]
	at io.netty.channel.nio.NioEventLoop.processSelectedKeys(NioEventLoop.java:584) ~[netty-transport-4.1.77.Final.jar:4.1.77.Final]
	at io.netty.channel.nio.NioEventLoop.run(NioEventLoop.java:496) ~[netty-transport-4.1.77.Final.jar:4.1.77.Final]
	at io.netty.util.concurrent.SingleThreadEventExecutor$4.run(SingleThreadEventExecutor.java:995) ~[netty-common-4.1.77.Final.jar:4.1.77.Final]
	at io.netty.util.internal.ThreadExecutorMap$2.run(ThreadExecutorMap.java:74) ~[netty-common-4.1.77.Final.jar:4.1.77.Final]
	at io.netty.util.concurrent.FastThreadLocalRunnable.run(FastThreadLocalRunnable.java:30) ~[netty-common-4.1.77.Final.jar:4.1.77.Final]
	at java.base/java.lang.Thread.run(Thread.java:833) ~[na:na]
[DEBUG] Closing Channel [id: 0x2508fac1, L:/127.0.0.1:51755 - R:localhost/127.0.0.1:51749] 
[DEBUG] Channel Closed: [id: 0x2508fac1, L:/127.0.0.1:51755 ! R:localhost/127.0.0.1:51749] with attribute DISCARD
[DEBUG] 

Request DefaultFullHttpRequest(decodeResult: success, version: HTTP/1.1, content: EmptyByteBufBE)
DELETE /session/73872b799f8463e3c7c50218e1f71a94 HTTP/1.1
User-Agent: selenium/4.2.1 (java windows)
Content-Type: application/json; charset=utf-8
host: localhost:61686
accept: */*

Response DefaultHttpResponse(decodeResult: success, version: HTTP/1.1)
HTTP/1.1 200 OK
Content-Type: application/json; charset=utf-8
cache-control: no-cache
content-length: 14

[DEBUG] Adding key: http://localhost:61686 for channel [id: 0x205a146f, L:/127.0.0.1:51747 - R:localhost/127.0.0.1:61686]
[DEBUG] Channel Closed: [id: 0x205a146f, L:/127.0.0.1:51747 ! R:localhost/127.0.0.1:61686] with attribute DISCARD
]]></system-out>
    <system-err><![CDATA[Starting ChromeDriver 104.0.5112.79 (3cf3e8c8a07d104b9e1260c910efb8f383285dc5-refs/branch-heads/5112@{#1307}) on port 61686
Only local connections are allowed.
Please see https://chromedriver.chromium.org/security-considerations for suggestions on keeping ChromeDriver safe.
ChromeDriver was started successfully.
Aug 10, 2022 9:21:15 PM org.openqa.selenium.remote.ProtocolHandshake createSession
INFO: Detected upstream dialect: W3C
Aug 10, 2022 9:21:15 PM org.openqa.selenium.devtools.CdpVersionFinder findNearestMatch
WARNING: Unable to find an exact match for CDP version 104, so returning the closest version found: 102
Aug 10, 2022 9:21:15 PM org.openqa.selenium.devtools.CdpVersionFinder findNearestMatch
INFO: Found CDP implementation for version 104 of 102
]]></system-err>
  </testcase>
</testsuite>